INFO:root:FRTB_Owner: Connnection Establised: 12.1.0.2.0
INFO:root:Starting Batch Creation Process
INFO:root:Creating Batch with Business start date from 09-11-2017 00:00:00to Business date09-11-2017 10:1:30
INFO:root:Query Executed
        DECLARE
        l_batch_no number;
        BEGIN
        l_batch_no := frtb_batch.create_batch(business_date_from_in => to_date('09-11-2017 00:00:00','DD-MM-YYYY HH24:MI:SS'),
                                             business_date_to_in   => to_date('09-11-2017 10:1:30','DD-MM-YYYY HH24:MI:SS'));
        : Batch_id := l_batch_no;
        END;
        
INFO:root: Batch Creation Complete, Batch ID created : 78
INFO:root:Starting Step: ID_FILES Started at : 2017-11-09 16:14:11.202000
INFO:root:Completed Step: ID_FILESCompleted at : 2017-11-09 16:14:11.916000
INFO:root:Starting Step: LOAD Started at : 2017-11-09 16:14:11.916000
INFO:root:Completed Step: LOADCompleted at : 2017-11-09 16:14:26.027000
INFO:root:Starting Step: ANONYMIZE Started at : 2017-11-09 16:14:26.027000
INFO:root:Completed Step: ANONYMIZECompleted at : 2017-11-09 16:14:32.634000
INFO:root:Starting Step: MAP Started at : 2017-11-09 16:14:32.634000
INFO:root:Completed Step: MAPCompleted at : 2017-11-09 16:14:37.798000
INFO:root:Starting Step: VALIDATE Started at : 2017-11-09 16:14:37.798000
INFO:root:Completed Step: VALIDATECompleted at : 2017-11-09 16:16:52.173000
INFO:root:Starting Step: ENRICH Started at : 2017-11-09 16:16:52.173000
INFO:root:Completed Step: ENRICHCompleted at : 2017-11-09 16:16:58.517000
INFO:root:Starting Step: MATCH Started at : 2017-11-09 16:16:58.517000
INFO:root:Completed Step: MATCHCompleted at : 2017-11-09 16:16:58.904000
INFO:root:Starting Step: SCORE Started at : 2017-11-09 16:16:58.904000
INFO:root:Completed Step: SCORECompleted at : 2017-11-09 16:16:59.209000
INFO:root:Starting Step: GENERATE Started at : 2017-11-09 16:16:59.209000
INFO:root:Completed Step: GENERATECompleted at : 2017-11-09 16:17:01.284000
INFO:root:Starting Step: VALIDATION_REPORT Started at : 2017-11-09 16:17:01.284000
INFO:root:Completed Step: VALIDATION_REPORTCompleted at : 2017-11-09 16:22:26.424000
INFO:root:Starting Step: SEND_WARNING Started at : 2017-11-09 16:22:26.424000
INFO:root:Completed Step: SEND_WARNINGCompleted at : 2017-11-09 16:22:26.999000
INFO:root:Starting Step: CLIENT_EX_RPT Started at : 2017-11-09 16:22:26.999000
INFO:root:Completed Step: CLIENT_EX_RPTCompleted at : 2017-11-09 16:25:15.844000
INFO:root:Batch Processing for Batch:78
INFO:root:Getting Files Generated by MIS: FRTB_FI_0000000078_20171109104700_0.csv
INFO:root:Getting Files Generated by MIS: FRTB_FX_0000000078_20171109104700_0.csv
INFO:root:Getting Files Generated by MIS: FRTB_IR_0000000078_20171109104700_33.csv
INFO:root:Getting Files Generated by MIS: FRTB_CR_0000000078_20171109104659_0.csv
INFO:root:Getting Files Generated by MIS: FRTB_EQ_0000000078_20171109104700_0.csv
INFO:root:Getting Files Generated by MIS: FRTB_CM_0000000078_20171109104659_0.csv
INFO:root:File Information Transfer process Complete
