INFO:root:FRTB_Owner: Connection Establised: 12.1.0.2.0
INFO:root: Executing the query : 
        select distinct asset_class_id from frtb_normalised where batch_id = 78
        
INFO:root: Execution Compelete for sql1
INFO:root: Executing the query : 
        select distinct contributor_identifier from frtb_normalised where batch_id = 78
                        
        
INFO:root:FRTB_Owner: Connection Establised: 12.1.0.2.0
INFO:root: Executing the query : 
        select distinct asset_class_id from frtb_normalised where batch_id = 78
        
INFO:root: Execution Compelete for sql1
INFO:root: Executing the query : 
        select distinct contributor_identifier from frtb_normalised where batch_id = 78
                        
        
INFO:root: Execution Compelete for sql1
INFO:root: Execution Total count query
INFO:root: Total count in the batch : (69941,)
INFO:root:FRTB_Owner: Connection Establised: 12.1.0.2.0
INFO:root: Executing the query : 
        select distinct asset_class_id from frtb_normalised where batch_id = 78
        
INFO:root: Execution Compelete for sql1
INFO:root: Executing the query : 
        select distinct contributor_identifier from frtb_normalised where batch_id = 78
                        
        
INFO:root:FRTB_Owner: Connection Establised: 12.1.0.2.0
INFO:root: Executing the query : 
        select distinct asset_class_id from frtb_normalised where batch_id = 79
        
INFO:root: Execution Compelete for sql1
INFO:root: Executing the query : 
        select distinct contributor_identifier from frtb_normalised where batch_id = 79
                        
        
INFO:root:FRTB_Owner: Connection Establised: 12.1.0.2.0
INFO:root: Executing the query : 
        select distinct asset_class_id from frtb_normalised where batch_id = 80
        
INFO:root: Execution Compelete for sql1
INFO:root: Executing the query : 
        select distinct contributor_identifier from frtb_normalised where batch_id = 80
                        
        
INFO:root: Execution Compelete for sql1
INFO:root: Execution Total count query
INFO:root: Total count in the batch : (55,)
INFO:root: Executing the query : 
        select distinct contributor_identifier from frtb_normalised where batch_id = 80
                        
        
INFO:root:Analyzing Data for :VPC019BKA
INFO:root:Writing data to CSV
INFO:root: Executing the query : 
        select distinct contributor_identifier from frtb_normalised where batch_id = 80
                        
        
INFO:root:Analyzing Data for :POLSPRBKC
INFO:root:Writing data to CSV
INFO:root: Executing the query : 
        select distinct contributor_identifier from frtb_normalised where batch_id = 80
                        
        
INFO:root:Analyzing Data for :0912BKA
INFO:root:Writing data to CSV
INFO:root: Executing the query : 
        select distinct contributor_identifier from frtb_normalised where batch_id = 80
                        
        
INFO:root:Analyzing Data for :VPC110BKB
INFO:root:Writing data to CSV
INFO:root: Executing the query : 
        select distinct contributor_identifier from frtb_normalised where batch_id = 80
                        
        
INFO:root:Analyzing Data for :0912BKB
INFO:root:Writing data to CSV
INFO:root: Executing the query : 
        select distinct contributor_identifier from frtb_normalised where batch_id = 80
                        
        
INFO:root:Analyzing Data for :0910BKA
INFO:root:Writing data to CSV
INFO:root: Executing the query : 
        select distinct contributor_identifier from frtb_normalised where batch_id = 80
                        
        
INFO:root:Analyzing Data for :POLSPRBKA
INFO:root:Writing data to CSV
INFO:root: Executing the query : 
        select distinct contributor_identifier from frtb_normalised where batch_id = 80
                        
        
INFO:root:Analyzing Data for :VPC110BKA
INFO:root:Writing data to CSV
INFO:root:FRTB_Owner: Connection Establised: 12.1.0.2.0
INFO:root: Executing the query : 
        select distinct asset_class_id from frtb_normalised where batch_id = 81
        
INFO:root: Execution Compelete for sql1
INFO:root: Executing the query : 
        select distinct contributor_identifier from frtb_normalised where batch_id = 81
                        
        
INFO:root: Execution Compelete for sql1
INFO:root: Execution Total count query
INFO:root: Total count in the batch : (50306,)
INFO:root: Executing the query : 
        select distinct contributor_identifier from frtb_normalised where batch_id = 81
                        
        
INFO:root:Analyzing Data for :NOMURA
INFO:root:Writing data to CSV
INFO:root:FRTB_Owner: Connection Establised: 12.1.0.2.0
INFO:root: Executing the query : 
        select distinct asset_class_id from frtb_normalised where batch_id = 82
        
INFO:root: Execution Compelete for sql1
INFO:root: Executing the query : 
        select distinct contributor_identifier from frtb_normalised where batch_id = 82
                        
        
INFO:root: Execution Compelete for sql1
INFO:root: Execution Total count query
INFO:root: Total count in the batch : (4111,)
INFO:root: Executing the query : 
        select distinct contributor_identifier from frtb_normalised where batch_id = 82
                        
        
INFO:root:Analyzing Data for :VPC019BKA
INFO:root:Writing data to CSV
INFO:root: Executing the query : 
        select distinct contributor_identifier from frtb_normalised where batch_id = 82
                        
        
INFO:root:Analyzing Data for :Westpac
INFO:root:Writing data to CSV
INFO:root: Executing the query : 
        select distinct contributor_identifier from frtb_normalised where batch_id = 82
                        
        
INFO:root:Analyzing Data for :POLSPRBKC
INFO:root:Writing data to CSV
INFO:root: Executing the query : 
        select distinct contributor_identifier from frtb_normalised where batch_id = 82
                        
        
INFO:root:Analyzing Data for :RVC043BKA
INFO:root:Writing data to CSV
INFO:root: Executing the query : 
        select distinct contributor_identifier from frtb_normalised where batch_id = 82
                        
        
INFO:root:Analyzing Data for :0912BKA
INFO:root:Writing data to CSV
INFO:root: Executing the query : 
        select distinct contributor_identifier from frtb_normalised where batch_id = 82
                        
        
INFO:root:Analyzing Data for :VPC110BKB
INFO:root:Writing data to CSV
INFO:root: Executing the query : 
        select distinct contributor_identifier from frtb_normalised where batch_id = 82
                        
        
INFO:root:Analyzing Data for :SENICEBA
INFO:root:Writing data to CSV
INFO:root: Executing the query : 
        select distinct contributor_identifier from frtb_normalised where batch_id = 82
                        
        
INFO:root:Analyzing Data for :0910BKA
INFO:root:Writing data to CSV
INFO:root: Executing the query : 
        select distinct contributor_identifier from frtb_normalised where batch_id = 82
                        
        
INFO:root:Analyzing Data for :0912BKB
INFO:root:Writing data to CSV
INFO:root: Executing the query : 
        select distinct contributor_identifier from frtb_normalised where batch_id = 82
                        
        
INFO:root:Analyzing Data for :VPC110BKA
INFO:root:Writing data to CSV
INFO:root: Executing the query : 
        select distinct contributor_identifier from frtb_normalised where batch_id = 82
                        
        
INFO:root:Analyzing Data for :POLSPRBKA
INFO:root:Writing data to CSV
