INFO:root:FRTB_Owner: Connnection Establised: 12.1.0.2.0
INFO:root:Starting Batch Creation Process
INFO:root:Creating Batch with Business start date from 10-11-2017 00:00:00to Business date10-11-2017 05:57:00
INFO:root:Query Executed
        DECLARE
        l_batch_no number;
        BEGIN
        l_batch_no := frtb_batch.create_batch(business_date_from_in => to_date('10-11-2017 00:00:00','DD-MM-YYYY HH24:MI:SS'),
                                             business_date_to_in   => to_date('10-11-2017 05:57:00','DD-MM-YYYY HH24:MI:SS'));
        : Batch_id := l_batch_no;
        END;
        
INFO:root: Batch Creation Complete, Batch ID created : 79
INFO:root:Starting Step: ID_FILES Started at : 2017-11-10 11:27:45.247000
INFO:root:Completed Step: ID_FILESCompleted at : 2017-11-10 11:27:45.862000
INFO:root:Starting Step: LOAD Started at : 2017-11-10 11:27:45.862000
INFO:root:Completed Step: LOADCompleted at : 2017-11-10 11:27:57.443000
INFO:root:Starting Step: ANONYMIZE Started at : 2017-11-10 11:27:57.443000
INFO:root:Completed Step: ANONYMIZECompleted at : 2017-11-10 11:28:04.699000
INFO:root:Starting Step: MAP Started at : 2017-11-10 11:28:04.699000
INFO:root:Completed Step: MAPCompleted at : 2017-11-10 11:28:10.719000
INFO:root:Starting Step: VALIDATE Started at : 2017-11-10 11:28:10.719000
INFO:root:Completed Step: VALIDATECompleted at : 2017-11-10 11:32:03.475000
INFO:root:Starting Step: ENRICH Started at : 2017-11-10 11:32:03.476000
INFO:root:Completed Step: ENRICHCompleted at : 2017-11-10 11:32:15.888000
INFO:root:Starting Step: MATCH Started at : 2017-11-10 11:32:15.888000
INFO:root:Completed Step: MATCHCompleted at : 2017-11-10 11:32:16.516000
INFO:root:Starting Step: SCORE Started at : 2017-11-10 11:32:16.516000
INFO:root:Completed Step: SCORECompleted at : 2017-11-10 11:32:16.864000
INFO:root:Starting Step: GENERATE Started at : 2017-11-10 11:32:16.864000
INFO:root:Completed Step: GENERATECompleted at : 2017-11-10 11:32:27.755000
INFO:root:Starting Step: VALIDATION_REPORT Started at : 2017-11-10 11:32:27.755000
INFO:root:Completed Step: VALIDATION_REPORTCompleted at : 2017-11-10 11:37:11.709000
INFO:root:Starting Step: SEND_WARNING Started at : 2017-11-10 11:37:11.709000
INFO:root:Completed Step: SEND_WARNINGCompleted at : 2017-11-10 11:37:12.096000
INFO:root:Starting Step: CLIENT_EX_RPT Started at : 2017-11-10 11:37:12.096000
INFO:root:Completed Step: CLIENT_EX_RPTCompleted at : 2017-11-10 11:39:33.504000
INFO:root:Batch Processing for Batch:79
INFO:root:Getting Files Generated by MIS: FRTB_IR_0000000079_20171110060226_51.csv
INFO:root:Getting Files Generated by MIS: FRTB_CR_0000000079_20171110060218_50155.csv
INFO:root:Getting Files Generated by MIS: FRTB_EQ_0000000079_20171110060223_0.csv
INFO:root:Getting Files Generated by MIS: FRTB_FI_0000000079_20171110060223_0.csv
INFO:root:Getting Files Generated by MIS: FRTB_FX_0000000079_20171110060225_0.csv
INFO:root:Getting Files Generated by MIS: FRTB_CM_0000000079_20171110060217_0.csv
INFO:root:File Information Transfer process Complete
INFO:root:FRTB_Owner: Connnection Establised: 12.1.0.2.0
INFO:root:Starting Batch Creation Process
INFO:root:Creating Batch with Business start date from 10-11-2017 00:00:00to Business date10-11-2017 06:09:59
INFO:root:Query Executed
        DECLARE
        l_batch_no number;
        BEGIN
        l_batch_no := frtb_batch.create_batch(business_date_from_in => to_date('10-11-2017 00:00:00','DD-MM-YYYY HH24:MI:SS'),
                                             business_date_to_in   => to_date('10-11-2017 06:09:59','DD-MM-YYYY HH24:MI:SS'));
        : Batch_id := l_batch_no;
        END;
        
INFO:root: Batch Creation Complete, Batch ID created : 80
INFO:root:Starting Step: ID_FILES Started at : 2017-11-10 12:34:17.194000
INFO:root:Completed Step: ID_FILESCompleted at : 2017-11-10 12:34:17.954000
INFO:root:Starting Step: LOAD Started at : 2017-11-10 12:34:17.954000
INFO:root:Completed Step: LOADCompleted at : 2017-11-10 12:34:28.037000
INFO:root:Starting Step: ANONYMIZE Started at : 2017-11-10 12:34:28.037000
INFO:root:Completed Step: ANONYMIZECompleted at : 2017-11-10 12:34:36.390000
INFO:root:Starting Step: MAP Started at : 2017-11-10 12:34:36.390000
INFO:root:Completed Step: MAPCompleted at : 2017-11-10 12:34:40.350000
INFO:root:Starting Step: VALIDATE Started at : 2017-11-10 12:34:40.350000
INFO:root:Completed Step: VALIDATECompleted at : 2017-11-10 12:34:45.964000
INFO:root:Starting Step: ENRICH Started at : 2017-11-10 12:34:45.964000
INFO:root:Completed Step: ENRICHCompleted at : 2017-11-10 12:34:51.685000
INFO:root:Starting Step: MATCH Started at : 2017-11-10 12:34:51.685000
INFO:root:Completed Step: MATCHCompleted at : 2017-11-10 12:34:51.935000
INFO:root:Starting Step: SCORE Started at : 2017-11-10 12:34:51.935000
INFO:root:Completed Step: SCORECompleted at : 2017-11-10 12:34:52.185000
INFO:root:Starting Step: GENERATE Started at : 2017-11-10 12:34:52.185000
INFO:root:Completed Step: GENERATECompleted at : 2017-11-10 12:34:53.575000
INFO:root:Starting Step: VALIDATION_REPORT Started at : 2017-11-10 12:34:53.575000
INFO:root:Completed Step: VALIDATION_REPORTCompleted at : 2017-11-10 12:34:55.252000
INFO:root:Starting Step: SEND_WARNING Started at : 2017-11-10 12:34:55.252000
INFO:root:Completed Step: SEND_WARNINGCompleted at : 2017-11-10 12:34:55.612000
INFO:root:Starting Step: CLIENT_EX_RPT Started at : 2017-11-10 12:34:55.612000
INFO:root:Completed Step: CLIENT_EX_RPTCompleted at : 2017-11-10 12:34:55.952000
INFO:root:Batch Processing for Batch:80
INFO:root:Getting Files Generated by MIS: FRTB_FI_0000000080_20171110070453_0.csv
INFO:root:Getting Files Generated by MIS: FRTB_IR_0000000080_20171110070453_51.csv
INFO:root:Getting Files Generated by MIS: FRTB_FX_0000000080_20171110070453_0.csv
INFO:root:Getting Files Generated by MIS: FRTB_EQ_0000000080_20171110070453_0.csv
INFO:root:Getting Files Generated by MIS: FRTB_CM_0000000080_20171110070452_0.csv
INFO:root:Getting Files Generated by MIS: FRTB_CR_0000000080_20171110070452_0.csv
INFO:root:File Information Transfer process Complete
INFO:root:FRTB_Owner: Connnection Establised: 12.1.0.2.0
INFO:root:Starting Batch Creation Process
INFO:root:Creating Batch with Business start date from 10-11-2017 00:00:00to Business date10-11-2017 0:6:30
INFO:root:Query Executed
        DECLARE
        l_batch_no number;
        BEGIN
        l_batch_no := frtb_batch.create_batch(business_date_from_in => to_date('10-11-2017 00:00:00','DD-MM-YYYY HH24:MI:SS'),
                                             business_date_to_in   => to_date('10-11-2017 0:6:30','DD-MM-YYYY HH24:MI:SS'));
        : Batch_id := l_batch_no;
        END;
        
INFO:root: Batch Creation Complete, Batch ID created : 81
INFO:root:Starting Step: ID_FILES Started at : 2017-11-10 12:37:47.260000
INFO:root:Completed Step: ID_FILESCompleted at : 2017-11-10 12:37:47.720000
INFO:root:Starting Step: LOAD Started at : 2017-11-10 12:37:47.720000
INFO:root:Completed Step: LOADCompleted at : 2017-11-10 12:37:55.011000
INFO:root:Starting Step: ANONYMIZE Started at : 2017-11-10 12:37:55.011000
INFO:root:Completed Step: ANONYMIZECompleted at : 2017-11-10 12:38:00.991000
INFO:root:Starting Step: MAP Started at : 2017-11-10 12:38:00.991000
INFO:root:Completed Step: MAPCompleted at : 2017-11-10 12:38:05.461000
INFO:root:Starting Step: VALIDATE Started at : 2017-11-10 12:38:05.461000
INFO:root:Completed Step: VALIDATECompleted at : 2017-11-10 12:39:01.778000
INFO:root:Starting Step: ENRICH Started at : 2017-11-10 12:39:01.778000
INFO:root:Completed Step: ENRICHCompleted at : 2017-11-10 12:39:10.240000
INFO:root:Starting Step: MATCH Started at : 2017-11-10 12:39:10.240000
INFO:root:Completed Step: MATCHCompleted at : 2017-11-10 12:39:10.520000
INFO:root:Starting Step: SCORE Started at : 2017-11-10 12:39:10.520000
INFO:root:Completed Step: SCORECompleted at : 2017-11-10 12:39:10.823000
INFO:root:Starting Step: GENERATE Started at : 2017-11-10 12:39:10.823000
INFO:root:Completed Step: GENERATECompleted at : 2017-11-10 12:39:15.833000
INFO:root:Starting Step: VALIDATION_REPORT Started at : 2017-11-10 12:39:15.833000
INFO:root:Completed Step: VALIDATION_REPORTCompleted at : 2017-11-10 12:39:18.163000
INFO:root:Starting Step: SEND_WARNING Started at : 2017-11-10 12:39:18.163000
INFO:root:Completed Step: SEND_WARNINGCompleted at : 2017-11-10 12:39:18.533000
INFO:root:Starting Step: CLIENT_EX_RPT Started at : 2017-11-10 12:39:18.533000
INFO:root:Completed Step: CLIENT_EX_RPTCompleted at : 2017-11-10 12:39:19.333000
INFO:root:Batch Processing for Batch:81
INFO:root:Getting Files Generated by MIS: FRTB_FI_0000000081_20171110070915_0.csv
INFO:root:Getting Files Generated by MIS: FRTB_CR_0000000081_20171110070911_50155.csv
INFO:root:Getting Files Generated by MIS: FRTB_EQ_0000000081_20171110070915_0.csv
INFO:root:Getting Files Generated by MIS: FRTB_CM_0000000081_20171110070911_0.csv
INFO:root:Getting Files Generated by MIS: FRTB_IR_0000000081_20171110070915_0.csv
INFO:root:Getting Files Generated by MIS: FRTB_FX_0000000081_20171110070915_0.csv
INFO:root:File Information Transfer process Complete
INFO:root:FRTB_Owner: Connnection Establised: 12.1.0.2.0
INFO:root:Starting Batch Creation Process
INFO:root:Creating Batch with Business start date from 10-11-2017 00:00:00to Business date10-11-2017 09:1:00
INFO:root:Query Executed
        DECLARE
        l_batch_no number;
        BEGIN
        l_batch_no := frtb_batch.create_batch(business_date_from_in => to_date('10-11-2017 00:00:00','DD-MM-YYYY HH24:MI:SS'),
                                             business_date_to_in   => to_date('10-11-2017 09:1:00','DD-MM-YYYY HH24:MI:SS'));
        : Batch_id := l_batch_no;
        END;
        
INFO:root: Batch Creation Complete, Batch ID created : 82
INFO:root:Starting Step: ID_FILES Started at : 2017-11-10 14:41:36.117000
INFO:root:Completed Step: ID_FILESCompleted at : 2017-11-10 14:41:36.707000
INFO:root:Starting Step: LOAD Started at : 2017-11-10 14:41:36.707000
INFO:root:Completed Step: LOADCompleted at : 2017-11-10 14:41:48.385000
INFO:root:Starting Step: ANONYMIZE Started at : 2017-11-10 14:41:48.385000
INFO:root:Completed Step: ANONYMIZECompleted at : 2017-11-10 14:41:54.198000
INFO:root:Starting Step: MAP Started at : 2017-11-10 14:41:54.198000
INFO:root:Completed Step: MAPCompleted at : 2017-11-10 14:41:57.867000
INFO:root:Starting Step: VALIDATE Started at : 2017-11-10 14:41:57.867000
INFO:root:Completed Step: VALIDATECompleted at : 2017-11-10 14:42:05.727000
INFO:root:Starting Step: ENRICH Started at : 2017-11-10 14:42:05.727000
INFO:root:Completed Step: ENRICHCompleted at : 2017-11-10 14:42:11.507000
INFO:root:Starting Step: MATCH Started at : 2017-11-10 14:42:11.507000
INFO:root:Completed Step: MATCHCompleted at : 2017-11-10 14:42:11.797000
INFO:root:Starting Step: SCORE Started at : 2017-11-10 14:42:11.797000
INFO:root:Completed Step: SCORECompleted at : 2017-11-10 14:42:12.099000
INFO:root:Starting Step: GENERATE Started at : 2017-11-10 14:42:12.099000
INFO:root:Completed Step: GENERATECompleted at : 2017-11-10 14:42:13.869000
INFO:root:Starting Step: VALIDATION_REPORT Started at : 2017-11-10 14:42:13.869000
INFO:root:Completed Step: VALIDATION_REPORTCompleted at : 2017-11-10 14:42:28.087000
INFO:root:Starting Step: SEND_WARNING Started at : 2017-11-10 14:42:28.087000
INFO:root:Completed Step: SEND_WARNINGCompleted at : 2017-11-10 14:42:28.447000
INFO:root:Starting Step: CLIENT_EX_RPT Started at : 2017-11-10 14:42:28.447000
INFO:root:Completed Step: CLIENT_EX_RPTCompleted at : 2017-11-10 14:42:35.058000
INFO:root:Batch Processing for Batch:82
INFO:root:Getting Files Generated by MIS: FRTB_CM_0000000082_20171110091212_0.csv
INFO:root:Getting Files Generated by MIS: FRTB_EQ_0000000082_20171110091213_0.csv
INFO:root:Getting Files Generated by MIS: FRTB_IR_0000000082_20171110091213_61.csv
INFO:root:Getting Files Generated by MIS: FRTB_FX_0000000082_20171110091213_0.csv
INFO:root:Getting Files Generated by MIS: FRTB_CR_0000000082_20171110091213_0.csv
INFO:root:Getting Files Generated by MIS: FRTB_FI_0000000082_20171110091213_0.csv
INFO:root:File Information Transfer process Complete
