INFO:root:FRTB_Owner: Connnection Establised: 12.1.0.2.0
INFO:root:Starting Batch Creation Process
INFO:root:Creating Batch with Business start date from 20-10-2017 00:00:00to Business date30-10-2017 08:00:00
INFO:root:Query Executed
        DECLARE
        l_batch_no number;
        BEGIN
        l_batch_no := frtb_batch.create_batch(business_date_from_in => to_date('20-10-2017 00:00:00','DD-MM-YYYY HH24:MI:SS'),
                                             business_date_to_in   => to_date('30-10-2017 08:00:00','DD-MM-YYYY HH24:MI:SS'));
        : Batch_id := l_batch_no;
        END;
        
INFO:root: Batch Creation Complete, Batch ID created : 62
INFO:root:Starting Step: ID_FILES Started at : 2017-10-30 14:45:56.534000
INFO:root:Completed Step: ID_FILESCompleted at : 2017-10-30 14:45:57.596000
INFO:root:Starting Step: LOAD Started at : 2017-10-30 14:45:57.596000
INFO:root:Completed Step: LOADCompleted at : 2017-10-30 14:46:09.991000
INFO:root:Starting Step: ANONYMIZE Started at : 2017-10-30 14:46:09.991000
INFO:root:Completed Step: ANONYMIZECompleted at : 2017-10-30 14:46:16.138000
INFO:root:Starting Step: MAP Started at : 2017-10-30 14:46:16.138000
INFO:root:Completed Step: MAPCompleted at : 2017-10-30 14:46:20.127000
INFO:root:Starting Step: VALIDATE Started at : 2017-10-30 14:46:20.127000
INFO:root:Completed Step: VALIDATECompleted at : 2017-10-30 14:46:23.967000
INFO:root:Starting Step: ENRICH Started at : 2017-10-30 14:46:23.967000
INFO:root:Completed Step: ENRICHCompleted at : 2017-10-30 14:46:29.263000
INFO:root:Starting Step: MATCH Started at : 2017-10-30 14:46:29.263000
INFO:root:Completed Step: MATCHCompleted at : 2017-10-30 14:46:29.635000
INFO:root:Starting Step: SCORE Started at : 2017-10-30 14:46:29.635000
INFO:root:Completed Step: SCORECompleted at : 2017-10-30 14:46:29.945000
INFO:root:Starting Step: GENERATE Started at : 2017-10-30 14:46:29.945000
INFO:root:Completed Step: GENERATECompleted at : 2017-10-30 14:46:31.703000
INFO:root:Starting Step: VALIDATION_REPORT Started at : 2017-10-30 14:46:31.703000
INFO:root:Completed Step: VALIDATION_REPORTCompleted at : 2017-10-30 14:46:33.405000
INFO:root:Starting Step: SEND_WARNING Started at : 2017-10-30 14:46:33.405000
INFO:root:Completed Step: SEND_WARNINGCompleted at : 2017-10-30 14:46:33.791000
INFO:root:Starting Step: CLIENT_EX_RPT Started at : 2017-10-30 14:46:33.791000
INFO:root:Completed Step: CLIENT_EX_RPTCompleted at : 2017-10-30 14:46:34.161000
INFO:root:Batch Processing for Batch:62
INFO:root:Getting Files Generated by MIS: FRTB_FI_0000000062_20171030091631_0.csv
INFO:root:Getting Files Generated by MIS: FRTB_IR_0000000062_20171030091631_31.csv
INFO:root:Getting Files Generated by MIS: FRTB_CR_0000000062_20171030091630_0.csv
INFO:root:Getting Files Generated by MIS: FRTB_FX_0000000062_20171030091631_0.csv
INFO:root:Getting Files Generated by MIS: FRTB_EQ_0000000062_20171030091630_0.csv
INFO:root:Getting Files Generated by MIS: FRTB_CM_0000000062_20171030091630_0.csv
INFO:root:File Information Transfer process Complete
INFO:root:FRTB_Owner: Connnection Establised: 12.1.0.2.0
INFO:root:Starting Batch Creation Process
INFO:root:Creating Batch with Business start date from 31-10-2017 00:00:00to Business date31-10-2017 6:37:00
INFO:root:Query Executed
        DECLARE
        l_batch_no number;
        BEGIN
        l_batch_no := frtb_batch.create_batch(business_date_from_in => to_date('31-10-2017 00:00:00','DD-MM-YYYY HH24:MI:SS'),
                                             business_date_to_in   => to_date('31-10-2017 6:37:00','DD-MM-YYYY HH24:MI:SS'));
        : Batch_id := l_batch_no;
        END;
        
INFO:root: Batch Creation Complete, Batch ID created : 63
INFO:root:Starting Step: ID_FILES Started at : 2017-10-31 13:07:51.058000
INFO:root:Completed Step: ID_FILESCompleted at : 2017-10-31 13:07:51.648000
INFO:root:Starting Step: LOAD Started at : 2017-10-31 13:07:51.648000
INFO:root:Completed Step: LOADCompleted at : 2017-10-31 13:08:02.229000
INFO:root:Starting Step: ANONYMIZE Started at : 2017-10-31 13:08:02.229000
INFO:root:Completed Step: ANONYMIZECompleted at : 2017-10-31 13:08:08.051000
INFO:root:Starting Step: MAP Started at : 2017-10-31 13:08:08.051000
INFO:root:Completed Step: MAPCompleted at : 2017-10-31 13:08:11.833000
INFO:root:Starting Step: VALIDATE Started at : 2017-10-31 13:08:11.833000
INFO:root:Completed Step: VALIDATECompleted at : 2017-10-31 13:08:15.655000
INFO:root:Starting Step: ENRICH Started at : 2017-10-31 13:08:15.655000
INFO:root:Completed Step: ENRICHCompleted at : 2017-10-31 13:08:21.215000
INFO:root:Starting Step: MATCH Started at : 2017-10-31 13:08:21.215000
INFO:root:Completed Step: MATCHCompleted at : 2017-10-31 13:08:21.475000
INFO:root:Starting Step: SCORE Started at : 2017-10-31 13:08:21.475000
INFO:root:Completed Step: SCORECompleted at : 2017-10-31 13:08:21.737000
INFO:root:Starting Step: GENERATE Started at : 2017-10-31 13:08:21.737000
INFO:root:Completed Step: GENERATECompleted at : 2017-10-31 13:08:23.046000
INFO:root:Starting Step: VALIDATION_REPORT Started at : 2017-10-31 13:08:23.046000
INFO:root:Completed Step: VALIDATION_REPORTCompleted at : 2017-10-31 13:08:24.740000
INFO:root:Starting Step: SEND_WARNING Started at : 2017-10-31 13:08:24.740000
INFO:root:Completed Step: SEND_WARNINGCompleted at : 2017-10-31 13:08:25.100000
INFO:root:Starting Step: CLIENT_EX_RPT Started at : 2017-10-31 13:08:25.100000
INFO:root:Completed Step: CLIENT_EX_RPTCompleted at : 2017-10-31 13:08:25.450000
INFO:root:Batch Processing for Batch:63
INFO:root:Getting Files Generated by MIS: FRTB_FX_0000000063_20171031073822_0.csv
INFO:root:Getting Files Generated by MIS: FRTB_CR_0000000063_20171031073822_0.csv
INFO:root:Getting Files Generated by MIS: FRTB_IR_0000000063_20171031073822_1.csv
INFO:root:Getting Files Generated by MIS: FRTB_CM_0000000063_20171031073822_0.csv
INFO:root:Getting Files Generated by MIS: FRTB_EQ_0000000063_20171031073822_0.csv
INFO:root:Getting Files Generated by MIS: FRTB_FI_0000000063_20171031073822_0.csv
INFO:root:File Information Transfer process Complete
INFO:root:FRTB_Owner: Connnection Establised: 12.1.0.2.0
INFO:root:Starting Batch Creation Process
INFO:root:Creating Batch with Business start date from 31-10-2017 00:00:00to Business date31-10-2017 07:38:00
INFO:root:Query Executed
        DECLARE
        l_batch_no number;
        BEGIN
        l_batch_no := frtb_batch.create_batch(business_date_from_in => to_date('31-10-2017 00:00:00','DD-MM-YYYY HH24:MI:SS'),
                                             business_date_to_in   => to_date('31-10-2017 07:38:00','DD-MM-YYYY HH24:MI:SS'));
        : Batch_id := l_batch_no;
        END;
        
INFO:root: Batch Creation Complete, Batch ID created : 64
INFO:root:Starting Step: ID_FILES Started at : 2017-10-31 14:05:00.153000
INFO:root:Completed Step: ID_FILESCompleted at : 2017-10-31 14:05:00.553000
INFO:root:Starting Step: LOAD Started at : 2017-10-31 14:05:00.553000
INFO:root:Completed Step: LOADCompleted at : 2017-10-31 14:05:07.827000
INFO:root:Starting Step: ANONYMIZE Started at : 2017-10-31 14:05:07.827000
INFO:root:Completed Step: ANONYMIZECompleted at : 2017-10-31 14:05:13.751000
INFO:root:Starting Step: MAP Started at : 2017-10-31 14:05:13.751000
INFO:root:Completed Step: MAPCompleted at : 2017-10-31 14:05:17.517000
INFO:root:Starting Step: VALIDATE Started at : 2017-10-31 14:05:17.517000
INFO:root:Completed Step: VALIDATECompleted at : 2017-10-31 14:05:20.941000
INFO:root:Starting Step: ENRICH Started at : 2017-10-31 14:05:20.941000
INFO:root:Completed Step: ENRICHCompleted at : 2017-10-31 14:05:26.062000
INFO:root:Starting Step: MATCH Started at : 2017-10-31 14:05:26.062000
INFO:root:Completed Step: MATCHCompleted at : 2017-10-31 14:05:26.342000
INFO:root:Starting Step: SCORE Started at : 2017-10-31 14:05:26.342000
INFO:root:Completed Step: SCORECompleted at : 2017-10-31 14:05:26.642000
INFO:root:Starting Step: GENERATE Started at : 2017-10-31 14:05:26.642000
INFO:root:Completed Step: GENERATECompleted at : 2017-10-31 14:05:28.264000
INFO:root:Starting Step: VALIDATION_REPORT Started at : 2017-10-31 14:05:28.264000
INFO:root:Completed Step: VALIDATION_REPORTCompleted at : 2017-10-31 14:05:29.896000
INFO:root:Starting Step: SEND_WARNING Started at : 2017-10-31 14:05:29.896000
INFO:root:Completed Step: SEND_WARNINGCompleted at : 2017-10-31 14:05:30.278000
INFO:root:Starting Step: CLIENT_EX_RPT Started at : 2017-10-31 14:05:30.278000
INFO:root:Completed Step: CLIENT_EX_RPTCompleted at : 2017-10-31 14:05:30.638000
INFO:root:Batch Processing for Batch:64
INFO:root:Getting Files Generated by MIS: FRTB_CR_0000000064_20171031083527_0.csv
INFO:root:Getting Files Generated by MIS: FRTB_FX_0000000064_20171031083527_0.csv
INFO:root:Getting Files Generated by MIS: FRTB_IR_0000000064_20171031083528_1.csv
INFO:root:Getting Files Generated by MIS: FRTB_CM_0000000064_20171031083527_0.csv
INFO:root:Getting Files Generated by MIS: FRTB_EQ_0000000064_20171031083527_0.csv
INFO:root:Getting Files Generated by MIS: FRTB_FI_0000000064_20171031083527_0.csv
INFO:root:File Information Transfer process Complete
INFO:root:FRTB_Owner: Connnection Establised: 12.1.0.2.0
INFO:root:Starting Batch Creation Process
INFO:root:Creating Batch with Business start date from 31-10-2017 00:00:00to Business date31-10-2017 09:26:00
INFO:root:Query Executed
        DECLARE
        l_batch_no number;
        BEGIN
        l_batch_no := frtb_batch.create_batch(business_date_from_in => to_date('31-10-2017 00:00:00','DD-MM-YYYY HH24:MI:SS'),
                                             business_date_to_in   => to_date('31-10-2017 09:26:00','DD-MM-YYYY HH24:MI:SS'));
        : Batch_id := l_batch_no;
        END;
        
INFO:root: Batch Creation Complete, Batch ID created : 65
INFO:root:Starting Step: ID_FILES Started at : 2017-10-31 14:59:08.920000
INFO:root:Completed Step: ID_FILESCompleted at : 2017-10-31 14:59:09.452000
INFO:root:Starting Step: LOAD Started at : 2017-10-31 14:59:09.452000
INFO:root:Completed Step: LOADCompleted at : 2017-10-31 14:59:19.037000
INFO:root:Starting Step: ANONYMIZE Started at : 2017-10-31 14:59:19.037000
INFO:root:Completed Step: ANONYMIZECompleted at : 2017-10-31 14:59:24.447000
INFO:root:Starting Step: MAP Started at : 2017-10-31 14:59:24.448000
INFO:root:Completed Step: MAPCompleted at : 2017-10-31 14:59:29.030000
INFO:root:Starting Step: VALIDATE Started at : 2017-10-31 14:59:29.030000
INFO:root:Completed Step: VALIDATECompleted at : 2017-10-31 14:59:32.612000
INFO:root:Starting Step: ENRICH Started at : 2017-10-31 14:59:32.612000
INFO:root:Completed Step: ENRICHCompleted at : 2017-10-31 14:59:37.708000
INFO:root:Starting Step: MATCH Started at : 2017-10-31 14:59:37.708000
INFO:root:Completed Step: MATCHCompleted at : 2017-10-31 14:59:37.973000
INFO:root:Starting Step: SCORE Started at : 2017-10-31 14:59:37.973000
INFO:root:Completed Step: SCORECompleted at : 2017-10-31 14:59:38.238000
INFO:root:Starting Step: GENERATE Started at : 2017-10-31 14:59:38.238000
INFO:root:Completed Step: GENERATECompleted at : 2017-10-31 14:59:39.535000
INFO:root:Starting Step: VALIDATION_REPORT Started at : 2017-10-31 14:59:39.535000
INFO:root:Completed Step: VALIDATION_REPORTCompleted at : 2017-10-31 14:59:41.155000
INFO:root:Starting Step: SEND_WARNING Started at : 2017-10-31 14:59:41.155000
INFO:root:Completed Step: SEND_WARNINGCompleted at : 2017-10-31 14:59:41.521000
INFO:root:Starting Step: CLIENT_EX_RPT Started at : 2017-10-31 14:59:41.521000
INFO:root:Completed Step: CLIENT_EX_RPTCompleted at : 2017-10-31 14:59:41.868000
INFO:root:Batch Processing for Batch:65
INFO:root:Getting Files Generated by MIS: FRTB_IR_0000000065_20171031092939_1.csv
INFO:root:Getting Files Generated by MIS: FRTB_FX_0000000065_20171031092939_0.csv
INFO:root:Getting Files Generated by MIS: FRTB_CR_0000000065_20171031092938_0.csv
INFO:root:Getting Files Generated by MIS: FRTB_FI_0000000065_20171031092939_0.csv
INFO:root:Getting Files Generated by MIS: FRTB_CM_0000000065_20171031092938_0.csv
INFO:root:Getting Files Generated by MIS: FRTB_EQ_0000000065_20171031092939_0.csv
INFO:root:File Information Transfer process Complete
INFO:root:FRTB_Owner: Connnection Establised: 12.1.0.2.0
INFO:root:Starting Batch Creation Process
INFO:root:Creating Batch with Business start date from 31-10-2017 00:00:00to Business date31-10-2017 11:05:00
INFO:root:Query Executed
        DECLARE
        l_batch_no number;
        BEGIN
        l_batch_no := frtb_batch.create_batch(business_date_from_in => to_date('31-10-2017 00:00:00','DD-MM-YYYY HH24:MI:SS'),
                                             business_date_to_in   => to_date('31-10-2017 11:05:00','DD-MM-YYYY HH24:MI:SS'));
        : Batch_id := l_batch_no;
        END;
        
INFO:root: Batch Creation Complete, Batch ID created : 66
INFO:root:Starting Step: ID_FILES Started at : 2017-10-31 16:40:48.151000
INFO:root:Completed Step: ID_FILESCompleted at : 2017-10-31 16:40:48.511000
INFO:root:Starting Step: LOAD Started at : 2017-10-31 16:40:48.511000
INFO:root:Completed Step: LOADCompleted at : 2017-10-31 16:40:59.076000
INFO:root:Starting Step: ANONYMIZE Started at : 2017-10-31 16:40:59.076000
INFO:root:Completed Step: ANONYMIZECompleted at : 2017-10-31 16:41:04.496000
INFO:root:Starting Step: MAP Started at : 2017-10-31 16:41:04.496000
INFO:root:Completed Step: MAPCompleted at : 2017-10-31 16:41:07.960000
INFO:root:Starting Step: VALIDATE Started at : 2017-10-31 16:41:07.960000
INFO:root:Completed Step: VALIDATECompleted at : 2017-10-31 16:41:11.376000
INFO:root:Starting Step: ENRICH Started at : 2017-10-31 16:41:11.376000
INFO:root:Completed Step: ENRICHCompleted at : 2017-10-31 16:41:16.699000
INFO:root:Starting Step: MATCH Started at : 2017-10-31 16:41:16.699000
INFO:root:Completed Step: MATCHCompleted at : 2017-10-31 16:41:16.969000
INFO:root:Starting Step: SCORE Started at : 2017-10-31 16:41:16.969000
INFO:root:Completed Step: SCORECompleted at : 2017-10-31 16:41:17.229000
INFO:root:Starting Step: GENERATE Started at : 2017-10-31 16:41:17.229000
INFO:root:Completed Step: GENERATECompleted at : 2017-10-31 16:41:18.573000
INFO:root:Starting Step: VALIDATION_REPORT Started at : 2017-10-31 16:41:18.573000
INFO:root:Completed Step: VALIDATION_REPORTCompleted at : 2017-10-31 16:41:20.267000
INFO:root:Starting Step: SEND_WARNING Started at : 2017-10-31 16:41:20.267000
INFO:root:Completed Step: SEND_WARNINGCompleted at : 2017-10-31 16:41:20.647000
INFO:root:Starting Step: CLIENT_EX_RPT Started at : 2017-10-31 16:41:20.647000
INFO:root:Completed Step: CLIENT_EX_RPTCompleted at : 2017-10-31 16:41:20.997000
INFO:root:Batch Processing for Batch:66
INFO:root:Getting Files Generated by MIS: FRTB_FI_0000000066_20171031111118_0.csv
INFO:root:Getting Files Generated by MIS: FRTB_IR_0000000066_20171031111118_1.csv
INFO:root:Getting Files Generated by MIS: FRTB_CM_0000000066_20171031111117_0.csv
INFO:root:Getting Files Generated by MIS: FRTB_CR_0000000066_20171031111117_0.csv
INFO:root:Getting Files Generated by MIS: FRTB_EQ_0000000066_20171031111117_0.csv
INFO:root:Getting Files Generated by MIS: FRTB_FX_0000000066_20171031111118_0.csv
INFO:root:File Information Transfer process Complete
INFO:root:FRTB_Owner: Connnection Establised: 12.1.0.2.0
INFO:root:Starting Batch Creation Process
INFO:root:Creating Batch with Business start date from 01-11-2017 00:00:00to Business date01-11-2017 04:48:00
INFO:root:Query Executed
        DECLARE
        l_batch_no number;
        BEGIN
        l_batch_no := frtb_batch.create_batch(business_date_from_in => to_date('01-11-2017 00:00:00','DD-MM-YYYY HH24:MI:SS'),
                                             business_date_to_in   => to_date('01-11-2017 04:48:00','DD-MM-YYYY HH24:MI:SS'));
        : Batch_id := l_batch_no;
        END;
        
INFO:root: Batch Creation Complete, Batch ID created : 67
INFO:root:Starting Step: ID_FILES Started at : 2017-11-01 10:18:39.663000
INFO:root:Completed Step: ID_FILESCompleted at : 2017-11-01 10:18:40.325000
INFO:root:Starting Step: LOAD Started at : 2017-11-01 10:18:40.325000
INFO:root:FRTB_Owner: Connnection Establised: 12.1.0.2.0
INFO:root:Starting Batch Creation Process
INFO:root:Creating Batch with Business start date from 01-11-2017 00:00:00to Business date01-11-2017 04:56:00
INFO:root:Query Executed
        DECLARE
        l_batch_no number;
        BEGIN
        l_batch_no := frtb_batch.create_batch(business_date_from_in => to_date('01-11-2017 00:00:00','DD-MM-YYYY HH24:MI:SS'),
                                             business_date_to_in   => to_date('01-11-2017 04:56:00','DD-MM-YYYY HH24:MI:SS'));
        : Batch_id := l_batch_no;
        END;
        
INFO:root: Batch Creation Complete, Batch ID created : 68
INFO:root:Starting Step: ID_FILES Started at : 2017-11-01 10:26:04.078000
INFO:root:Completed Step: ID_FILESCompleted at : 2017-11-01 10:26:04.368000
INFO:root:Starting Step: LOAD Started at : 2017-11-01 10:26:04.368000
INFO:root:FRTB_Owner: Connnection Establised: 12.1.0.2.0
INFO:root:Starting Batch Creation Process
INFO:root:Creating Batch with Business start date from 02-11-2017 00:00:00to Business date02-11-2017 11:44:30
INFO:root:Query Executed
        DECLARE
        l_batch_no number;
        BEGIN
        l_batch_no := frtb_batch.create_batch(business_date_from_in => to_date('02-11-2017 00:00:00','DD-MM-YYYY HH24:MI:SS'),
                                             business_date_to_in   => to_date('02-11-2017 11:44:30','DD-MM-YYYY HH24:MI:SS'));
        : Batch_id := l_batch_no;
        END;
        
INFO:root: Batch Creation Complete, Batch ID created : 69
INFO:root:Starting Step: ID_FILES Started at : 2017-11-02 17:14:54.762000
INFO:root:Completed Step: ID_FILESCompleted at : 2017-11-02 17:14:55.368000
INFO:root:Starting Step: LOAD Started at : 2017-11-02 17:14:55.368000
INFO:root:FRTB_Owner: Connnection Establised: 12.1.0.2.0
INFO:root:Starting Batch Creation Process
INFO:root:FRTB_Owner: Connnection Establised: 12.1.0.2.0
INFO:root:Starting Batch Creation Process
INFO:root:FRTB_Owner: Connnection Establised: 12.1.0.2.0
INFO:root:Starting Batch Creation Process
INFO:root:Creating Batch with Business start date from 03-11-2017 00:00:00to Business date03-11-2017 05:05:00
INFO:root:Query Executed
        DECLARE
        l_batch_no number;
        BEGIN
        l_batch_no := frtb_batch.create_batch(business_date_from_in => to_date('03-11-2017 00:00:00','DD-MM-YYYY HH24:MI:SS'),
                                             business_date_to_in   => to_date('03-11-2017 05:05:00','DD-MM-YYYY HH24:MI:SS'));
        : Batch_id := l_batch_no;
        END;
        
INFO:root: Batch Creation Complete, Batch ID created : 70
INFO:root:Starting Step: ID_FILES Started at : 2017-11-03 10:38:29.479000
INFO:root:Completed Step: ID_FILESCompleted at : 2017-11-03 10:38:30.022000
INFO:root:Starting Step: LOAD Started at : 2017-11-03 10:38:30.022000
INFO:root:Completed Step: LOADCompleted at : 2017-11-03 10:38:56.382000
INFO:root:Starting Step: ANONYMIZE Started at : 2017-11-03 10:38:56.383000
INFO:root:Completed Step: ANONYMIZECompleted at : 2017-11-03 10:39:09.889000
INFO:root:Starting Step: MAP Started at : 2017-11-03 10:39:09.889000
INFO:root:Completed Step: MAPCompleted at : 2017-11-03 10:39:28.885000
INFO:root:Starting Step: VALIDATE Started at : 2017-11-03 10:39:28.885000
INFO:root:Completed Step: VALIDATECompleted at : 2017-11-03 10:41:29.070000
INFO:root:Starting Step: ENRICH Started at : 2017-11-03 10:41:29.071000
INFO:root:Completed Step: ENRICHCompleted at : 2017-11-03 10:41:37.362000
INFO:root:Starting Step: MATCH Started at : 2017-11-03 10:41:37.363000
INFO:root:Completed Step: MATCHCompleted at : 2017-11-03 10:41:37.742000
INFO:root:Starting Step: SCORE Started at : 2017-11-03 10:41:37.743000
INFO:root:Completed Step: SCORECompleted at : 2017-11-03 10:41:38.045000
INFO:root:Starting Step: GENERATE Started at : 2017-11-03 10:41:38.046000
INFO:root:Completed Step: GENERATECompleted at : 2017-11-03 10:41:40.295000
INFO:root:Starting Step: VALIDATION_REPORT Started at : 2017-11-03 10:41:40.295000
INFO:root:FRTB_Owner: Connnection Establised: 12.1.0.2.0
INFO:root:Starting Batch Creation Process
INFO:root:Creating Batch with Business start date from 03-11-2017 00:00:00to Business date03-11-2017 0:57:00
INFO:root:Query Executed
        DECLARE
        l_batch_no number;
        BEGIN
        l_batch_no := frtb_batch.create_batch(business_date_from_in => to_date('03-11-2017 00:00:00','DD-MM-YYYY HH24:MI:SS'),
                                             business_date_to_in   => to_date('03-11-2017 0:57:00','DD-MM-YYYY HH24:MI:SS'));
        : Batch_id := l_batch_no;
        END;
        
INFO:root: Batch Creation Complete, Batch ID created : 71
INFO:root:Starting Step: ID_FILES Started at : 2017-11-03 12:27:58.964000
INFO:root:Completed Step: ID_FILESCompleted at : 2017-11-03 12:27:59.414000
INFO:root:Starting Step: LOAD Started at : 2017-11-03 12:27:59.414000
INFO:root:Completed Step: LOADCompleted at : 2017-11-03 12:28:10.750000
INFO:root:Starting Step: ANONYMIZE Started at : 2017-11-03 12:28:10.750000
INFO:root:Completed Step: ANONYMIZECompleted at : 2017-11-03 12:28:16.310000
INFO:root:Starting Step: MAP Started at : 2017-11-03 12:28:16.310000
INFO:root:Completed Step: MAPCompleted at : 2017-11-03 12:28:19.996000
INFO:root:Starting Step: VALIDATE Started at : 2017-11-03 12:28:19.996000
INFO:root:Completed Step: VALIDATECompleted at : 2017-11-03 12:28:25.152000
INFO:root:Starting Step: ENRICH Started at : 2017-11-03 12:28:25.152000
INFO:root:Completed Step: ENRICHCompleted at : 2017-11-03 12:28:36.662000
INFO:root:Starting Step: MATCH Started at : 2017-11-03 12:28:36.662000
INFO:root:Completed Step: MATCHCompleted at : 2017-11-03 12:28:36.922000
INFO:root:Starting Step: SCORE Started at : 2017-11-03 12:28:36.922000
INFO:root:Completed Step: SCORECompleted at : 2017-11-03 12:28:37.172000
INFO:root:Starting Step: GENERATE Started at : 2017-11-03 12:28:37.172000
INFO:root:Completed Step: GENERATECompleted at : 2017-11-03 12:28:38.525000
INFO:root:Starting Step: VALIDATION_REPORT Started at : 2017-11-03 12:28:38.525000
INFO:root:Completed Step: VALIDATION_REPORTCompleted at : 2017-11-03 12:28:40.212000
INFO:root:Starting Step: SEND_WARNING Started at : 2017-11-03 12:28:40.212000
INFO:root:Completed Step: SEND_WARNINGCompleted at : 2017-11-03 12:28:40.585000
INFO:root:Starting Step: CLIENT_EX_RPT Started at : 2017-11-03 12:28:40.585000
INFO:root:Completed Step: CLIENT_EX_RPTCompleted at : 2017-11-03 12:28:41.185000
INFO:root:Batch Processing for Batch:71
INFO:root:Getting Files Generated by MIS: FRTB_FI_0000000071_20171103065838_0.csv
INFO:root:Getting Files Generated by MIS: FRTB_EQ_0000000071_20171103065837_0.csv
INFO:root:Getting Files Generated by MIS: FRTB_IR_0000000070_20171103051139_6.csv
INFO:root:Getting Files Generated by MIS: FRTB_FX_0000000071_20171103065838_0.csv
INFO:root:Getting Files Generated by MIS: FRTB_CR_0000000071_20171103065837_0.csv
INFO:root:Getting Files Generated by MIS: FRTB_CM_0000000071_20171103065837_0.csv
INFO:root:Getting Files Generated by MIS: FRTB_IR_0000000071_20171103065838_2.csv
INFO:root:File Information Transfer process Complete
INFO:root:FRTB_Owner: Connnection Establised: 12.1.0.2.0
INFO:root:Starting Batch Creation Process
INFO:root:Creating Batch with Business start date from 06-11-2017 00:00:00to Business date06-11-2017 07:36:00
INFO:root:Query Executed
        DECLARE
        l_batch_no number;
        BEGIN
        l_batch_no := frtb_batch.create_batch(business_date_from_in => to_date('06-11-2017 00:00:00','DD-MM-YYYY HH24:MI:SS'),
                                             business_date_to_in   => to_date('06-11-2017 07:36:00','DD-MM-YYYY HH24:MI:SS'));
        : Batch_id := l_batch_no;
        END;
        
INFO:root: Batch Creation Complete, Batch ID created : 72
INFO:root:Starting Step: ID_FILES Started at : 2017-11-06 14:31:36.446000
INFO:root:Completed Step: ID_FILESCompleted at : 2017-11-06 14:31:37.316000
INFO:root:Starting Step: LOAD Started at : 2017-11-06 14:31:37.316000
INFO:root:Completed Step: LOADCompleted at : 2017-11-06 14:32:13.048000
INFO:root:Starting Step: ANONYMIZE Started at : 2017-11-06 14:32:13.048000
INFO:root:Completed Step: ANONYMIZECompleted at : 2017-11-06 14:32:27.062000
INFO:root:Starting Step: MAP Started at : 2017-11-06 14:32:27.062000
INFO:root:Completed Step: MAPCompleted at : 2017-11-06 14:32:46.676000
INFO:root:Starting Step: VALIDATE Started at : 2017-11-06 14:32:46.676000
INFO:root:Completed Step: VALIDATECompleted at : 2017-11-06 14:58:38.475000
INFO:root:Starting Step: ENRICH Started at : 2017-11-06 14:58:38.475000
INFO:root:Completed Step: ENRICHCompleted at : 2017-11-06 14:58:54.154000
INFO:root:Starting Step: MATCH Started at : 2017-11-06 14:58:54.154000
INFO:root:Completed Step: MATCHCompleted at : 2017-11-06 14:58:54.426000
INFO:root:Starting Step: SCORE Started at : 2017-11-06 14:58:54.426000
INFO:root:Completed Step: SCORECompleted at : 2017-11-06 14:58:54.738000
INFO:root:Starting Step: GENERATE Started at : 2017-11-06 14:58:54.738000
INFO:root:Completed Step: GENERATECompleted at : 2017-11-06 14:58:57.362000
INFO:root:Starting Step: VALIDATION_REPORT Started at : 2017-11-06 14:58:57.362000
INFO:root:Completed Step: VALIDATION_REPORTCompleted at : 2017-11-06 15:48:42.224000
INFO:root:Starting Step: SEND_WARNING Started at : 2017-11-06 15:48:42.224000
INFO:root:Completed Step: SEND_WARNINGCompleted at : 2017-11-06 15:48:42.554000
INFO:root:Starting Step: CLIENT_EX_RPT Started at : 2017-11-06 15:48:42.554000
