INFO:root:FRTB_Owner: Connnection Establised: 12.1.0.2.0
INFO:root:Starting Batch Creation Process
INFO:root:Creating Batch with Business start date from 10-11-2017 00:00:00to Business date10-11-2017 23:59:59
INFO:root:Query Executed
        DECLARE
        l_batch_no number;
        BEGIN
        l_batch_no := frtb_batch.create_batch(business_date_from_in => to_date('10-11-2017 00:00:00','DD-MM-YYYY HH24:MI:SS'),
                                             business_date_to_in   => to_date('10-11-2017 23:59:59','DD-MM-YYYY HH24:MI:SS'));
        : Batch_id := l_batch_no;
        END;
        
INFO:root: Batch Creation Complete, Batch ID created : 83
INFO:root:Starting Step: ID_FILES Started at : 2017-11-13 12:43:31.139000
INFO:root:Completed Step: ID_FILESCompleted at : 2017-11-13 12:43:32.107000
INFO:root:Starting Step: LOAD Started at : 2017-11-13 12:43:32.107000
INFO:root:Completed Step: LOADCompleted at : 2017-11-13 12:43:44.514000
INFO:root:Starting Step: ANONYMIZE Started at : 2017-11-13 12:43:44.514000
INFO:root:Completed Step: ANONYMIZECompleted at : 2017-11-13 12:43:50.942000
INFO:root:Starting Step: MAP Started at : 2017-11-13 12:43:50.942000
INFO:root:Completed Step: MAPCompleted at : 2017-11-13 12:43:54.816000
INFO:root:Starting Step: VALIDATE Started at : 2017-11-13 12:43:54.816000
INFO:root:Completed Step: VALIDATECompleted at : 2017-11-13 12:44:00.492000
INFO:root:Starting Step: ENRICH Started at : 2017-11-13 12:44:00.492000
INFO:root:Completed Step: ENRICHCompleted at : 2017-11-13 12:44:06.216000
INFO:root:Starting Step: MATCH Started at : 2017-11-13 12:44:06.216000
INFO:root:Completed Step: MATCHCompleted at : 2017-11-13 12:44:06.493000
INFO:root:Starting Step: SCORE Started at : 2017-11-13 12:44:06.493000
INFO:root:Completed Step: SCORECompleted at : 2017-11-13 12:44:06.814000
INFO:root:Starting Step: GENERATE Started at : 2017-11-13 12:44:06.814000
INFO:root:Completed Step: GENERATECompleted at : 2017-11-13 12:44:08.766000
INFO:root:Starting Step: VALIDATION_REPORT Started at : 2017-11-13 12:44:08.766000
INFO:root:Completed Step: VALIDATION_REPORTCompleted at : 2017-11-13 12:44:10.430000
INFO:root:Starting Step: SEND_WARNING Started at : 2017-11-13 12:44:10.430000
INFO:root:Completed Step: SEND_WARNINGCompleted at : 2017-11-13 12:44:10.813000
INFO:root:Starting Step: CLIENT_EX_RPT Started at : 2017-11-13 12:44:10.814000
INFO:root:Completed Step: CLIENT_EX_RPTCompleted at : 2017-11-13 12:44:11.154000
INFO:root:Batch Processing for Batch:83
INFO:root:Getting Files Generated by MIS: FRTB_FX_0000000083_20171113071408_0.csv
INFO:root:Getting Files Generated by MIS: FRTB_EQ_0000000083_20171113071407_0.csv
INFO:root:Getting Files Generated by MIS: FRTB_CM_0000000083_20171113071407_0.csv
INFO:root:Getting Files Generated by MIS: FRTB_IR_0000000083_20171113071408_170.csv
INFO:root:Getting Files Generated by MIS: FRTB_CR_0000000083_20171113071407_0.csv
INFO:root:Getting Files Generated by MIS: FRTB_FI_0000000083_20171113071408_0.csv
INFO:root:File Information Transfer process Complete
INFO:root:FRTB_Owner: Connnection Establised: 12.1.0.2.0
INFO:root:Starting Batch Creation Process
INFO:root:Creating Batch with Business start date from 13-11-2017 00:00:00to Business date13-11-2017 07:16:00
INFO:root:Query Executed
        DECLARE
        l_batch_no number;
        BEGIN
        l_batch_no := frtb_batch.create_batch(business_date_from_in => to_date('13-11-2017 00:00:00','DD-MM-YYYY HH24:MI:SS'),
                                             business_date_to_in   => to_date('13-11-2017 07:16:00','DD-MM-YYYY HH24:MI:SS'));
        : Batch_id := l_batch_no;
        END;
        
INFO:root: Batch Creation Complete, Batch ID created : 84
INFO:root:Starting Step: ID_FILES Started at : 2017-11-13 12:46:30.848000
INFO:root:Completed Step: ID_FILESCompleted at : 2017-11-13 12:46:31.163000
INFO:root:Starting Step: LOAD Started at : 2017-11-13 12:46:31.163000
INFO:root:Completed Step: LOADCompleted at : 2017-11-13 12:46:38.060000
INFO:root:Starting Step: ANONYMIZE Started at : 2017-11-13 12:46:38.060000
INFO:root:Completed Step: ANONYMIZECompleted at : 2017-11-13 12:46:44.197000
INFO:root:Starting Step: MAP Started at : 2017-11-13 12:46:44.197000
INFO:root:Completed Step: MAPCompleted at : 2017-11-13 12:46:47.358000
INFO:root:Starting Step: VALIDATE Started at : 2017-11-13 12:46:47.358000
INFO:root:Completed Step: VALIDATECompleted at : 2017-11-13 12:46:51.491000
INFO:root:Starting Step: ENRICH Started at : 2017-11-13 12:46:51.491000
INFO:root:Completed Step: ENRICHCompleted at : 2017-11-13 12:46:57.112000
INFO:root:Starting Step: MATCH Started at : 2017-11-13 12:46:57.112000
INFO:root:Completed Step: MATCHCompleted at : 2017-11-13 12:46:57.380000
INFO:root:Starting Step: SCORE Started at : 2017-11-13 12:46:57.381000
INFO:root:Completed Step: SCORECompleted at : 2017-11-13 12:46:57.680000
INFO:root:Starting Step: GENERATE Started at : 2017-11-13 12:46:57.680000
INFO:root:Completed Step: GENERATECompleted at : 2017-11-13 12:46:59.437000
INFO:root:Starting Step: VALIDATION_REPORT Started at : 2017-11-13 12:46:59.437000
INFO:root:Completed Step: VALIDATION_REPORTCompleted at : 2017-11-13 12:47:01.158000
INFO:root:Starting Step: SEND_WARNING Started at : 2017-11-13 12:47:01.158000
INFO:root:Completed Step: SEND_WARNINGCompleted at : 2017-11-13 12:47:01.513000
INFO:root:Starting Step: CLIENT_EX_RPT Started at : 2017-11-13 12:47:01.513000
INFO:root:Completed Step: CLIENT_EX_RPTCompleted at : 2017-11-13 12:47:02.154000
INFO:root:Batch Processing for Batch:84
INFO:root:Getting Files Generated by MIS: FRTB_CR_0000000084_20171113071658_0.csv
INFO:root:Getting Files Generated by MIS: FRTB_EQ_0000000084_20171113071658_0.csv
INFO:root:Getting Files Generated by MIS: FRTB_IR_0000000084_20171113071659_3.csv
INFO:root:Getting Files Generated by MIS: FRTB_FX_0000000084_20171113071658_28.csv
INFO:root:Getting Files Generated by MIS: FRTB_FI_0000000084_20171113071658_0.csv
INFO:root:Getting Files Generated by MIS: FRTB_CM_0000000084_20171113071658_0.csv
INFO:root:File Information Transfer process Complete
