INFO:root:FRTB_Owner: Connection Establised: 12.1.0.2.0
INFO:root: Executing the query : 
        select distinct asset_class_id from frtb_normalised where batch_id = 98
        
INFO:root: Execution Compelete for sql1
INFO:root: Executing the query : 
        select distinct contributor_identifier from frtb_normalised where batch_id = 98
                        
        
INFO:root: Execution Compelete for sql1
INFO:root: Execution Total count query
INFO:root: Total count in the batch : (30713,)
INFO:root: Executing the query : 
        select distinct contributor_identifier from frtb_normalised where batch_id = 98
                        
        
INFO:root:Analyzing Data for :Westpac
INFO:root:Writing data to CSV
INFO:root: Executing the query : 
        select distinct contributor_identifier from frtb_normalised where batch_id = 98
                        
        
INFO:root:Analyzing Data for :SWROBOT01BKA
INFO:root:Writing data to CSV
INFO:root: Executing the query : 
        select distinct contributor_identifier from frtb_normalised where batch_id = 98
                        
        
INFO:root:Analyzing Data for :BATTSTBKA
INFO:root:Writing data to CSV
INFO:root: Executing the query : 
        select distinct contributor_identifier from frtb_normalised where batch_id = 98
                        
        
INFO:root:Analyzing Data for :POLSPRBKB
INFO:root:Writing data to CSV
INFO:root: Executing the query : 
        select distinct contributor_identifier from frtb_normalised where batch_id = 98
                        
        
INFO:root:Analyzing Data for :POLSPRBKA
INFO:root:Writing data to CSV
