INFO:root:FRTB_Owner: Connnection Establised: 12.1.0.2.0
INFO:root:Starting Batch Creation Process
INFO:root:Creating Batch with Business start date from 01-11-2017 00:00:00to Business date1-11-2017 23:59:59
INFO:root:Query Executed
        DECLARE
        l_batch_no number;
        BEGIN
        l_batch_no := frtb_batch.create_batch(business_date_from_in => to_date('01-11-2017 00:00:00','DD-MM-YYYY HH24:MI:SS'),
                                             business_date_to_in   => to_date('1-11-2017 23:59:59','DD-MM-YYYY HH24:MI:SS'));
        : Batch_id := l_batch_no;
        END;
        
INFO:root: Batch Creation Complete, Batch ID created : 85
INFO:root:Starting Step: ID_FILES Started at : 2017-11-16 11:12:55.788000
INFO:root:Completed Step: ID_FILESCompleted at : 2017-11-16 11:12:56.558000
INFO:root:Starting Step: LOAD Started at : 2017-11-16 11:12:56.558000
INFO:root:Completed Step: LOADCompleted at : 2017-11-16 11:13:13.384000
INFO:root:Starting Step: ANONYMIZE Started at : 2017-11-16 11:13:13.384000
INFO:root:Completed Step: ANONYMIZECompleted at : 2017-11-16 11:13:21.472000
INFO:root:Starting Step: MAP Started at : 2017-11-16 11:13:21.472000
INFO:root:Completed Step: MAPCompleted at : 2017-11-16 11:13:25.670000
INFO:root:Starting Step: VALIDATE Started at : 2017-11-16 11:13:25.670000
INFO:root:Completed Step: VALIDATECompleted at : 2017-11-16 11:13:39.159000
INFO:root:Starting Step: ENRICH Started at : 2017-11-16 11:13:39.159000
INFO:root:Completed Step: ENRICHCompleted at : 2017-11-16 11:13:44.655000
INFO:root:Starting Step: MATCH Started at : 2017-11-16 11:13:44.655000
INFO:root:Completed Step: MATCHCompleted at : 2017-11-16 11:13:44.941000
INFO:root:Starting Step: SCORE Started at : 2017-11-16 11:13:44.941000
INFO:root:Completed Step: SCORECompleted at : 2017-11-16 11:13:45.237000
INFO:root:Starting Step: GENERATE Started at : 2017-11-16 11:13:45.237000
INFO:root:Completed Step: GENERATECompleted at : 2017-11-16 11:13:47.354000
INFO:root:Starting Step: VALIDATION_REPORT Started at : 2017-11-16 11:13:47.354000
INFO:root:Completed Step: VALIDATION_REPORTCompleted at : 2017-11-16 11:13:49.224000
INFO:root:Starting Step: SEND_WARNING Started at : 2017-11-16 11:13:49.224000
INFO:root:Completed Step: SEND_WARNINGCompleted at : 2017-11-16 11:13:49.588000
INFO:root:Starting Step: CLIENT_EX_RPT Started at : 2017-11-16 11:13:49.588000
INFO:root:Completed Step: CLIENT_EX_RPTCompleted at : 2017-11-16 11:13:49.927000
INFO:root:Batch Processing for Batch:85
INFO:root:Getting Files Generated by MIS: FRTB_FI_0000000085_20171116054346_0.csv
INFO:root:Getting Files Generated by MIS: FRTB_EQ_0000000085_20171116054346_0.csv
INFO:root:Getting Files Generated by MIS: FRTB_CR_0000000085_20171116054345_4076.csv
INFO:root:Getting Files Generated by MIS: FRTB_FX_0000000085_20171116054346_0.csv
INFO:root:Getting Files Generated by MIS: FRTB_IR_0000000085_20171116054346_1074.csv
INFO:root:Getting Files Generated by MIS: FRTB_CM_0000000085_20171116054345_0.csv
INFO:root:File Information Transfer process Complete
