INFO:root:FRTB_Owner: Connnection Establised: 12.1.0.2.0
INFO:root:Starting Batch Creation Process
INFO:root:Creating Batch with Business start date from 01-11-2017 00:00:00to Business date30-11-2017 23:59:59
INFO:root:Query Executed
        DECLARE
        l_batch_no number;
        BEGIN
        l_batch_no := frtb_batch.create_batch(business_date_from_in => to_date('01-11-2017 00:00:00','DD-MM-YYYY HH24:MI:SS'),
                                             business_date_to_in   => to_date('30-11-2017 23:59:59','DD-MM-YYYY HH24:MI:SS'));
        : Batch_id := l_batch_no;
        END;
        
INFO:root: Batch Creation Complete, Batch ID created : 109
INFO:root:Starting Step: ID_FILES Started at : 2017-12-01 12:13:54.142000
INFO:root:Completed Step: ID_FILESCompleted at : 2017-12-01 12:13:54.682000
INFO:root:Starting Step: LOAD Started at : 2017-12-01 12:13:54.682000
INFO:root:Completed Step: LOADCompleted at : 2017-12-01 12:15:16.266000
INFO:root:Starting Step: ANONYMIZE Started at : 2017-12-01 12:15:16.266000
INFO:root:Completed Step: ANONYMIZECompleted at : 2017-12-01 12:15:22.657000
INFO:root:Starting Step: MAP Started at : 2017-12-01 12:15:22.657000
INFO:root:Completed Step: MAPCompleted at : 2017-12-01 12:15:26.497000
INFO:root:Starting Step: VALIDATE Started at : 2017-12-01 12:15:26.497000
