INFO:root:FRTB_Owner: Connnection Establised: 12.1.0.2.0
INFO:root:Starting Batch Creation Process
INFO:root:Creating Batch with Business start date from 06-11-2017 00:00:00to Business date06-11-2017 10:2:30
INFO:root:Query Executed
        DECLARE
        l_batch_no number;
        BEGIN
        l_batch_no := frtb_batch.create_batch(business_date_from_in => to_date('06-11-2017 00:00:00','DD-MM-YYYY HH24:MI:SS'),
                                             business_date_to_in   => to_date('06-11-2017 10:2:30','DD-MM-YYYY HH24:MI:SS'));
        : Batch_id := l_batch_no;
        END;
        
INFO:root: Batch Creation Complete, Batch ID created : 74
INFO:root:Starting Step: ID_FILES Started at : 2017-11-06 15:55:47.378000
INFO:root:Completed Step: ID_FILESCompleted at : 2017-11-06 15:55:47.910000
INFO:root:Starting Step: LOAD Started at : 2017-11-06 15:55:47.910000
INFO:root:Completed Step: LOADCompleted at : 2017-11-06 15:56:00.345000
INFO:root:Starting Step: ANONYMIZE Started at : 2017-11-06 15:56:00.345000
INFO:root:Completed Step: ANONYMIZECompleted at : 2017-11-06 15:56:06.265000
INFO:root:Starting Step: MAP Started at : 2017-11-06 15:56:06.265000
INFO:root:Completed Step: MAPCompleted at : 2017-11-06 15:56:10.876000
INFO:root:Starting Step: VALIDATE Started at : 2017-11-06 15:56:10.876000
INFO:root:Completed Step: VALIDATECompleted at : 2017-11-06 15:56:17.493000
INFO:root:Starting Step: ENRICH Started at : 2017-11-06 15:56:17.493000
INFO:root:Completed Step: ENRICHCompleted at : 2017-11-06 15:56:22.575000
INFO:root:Starting Step: MATCH Started at : 2017-11-06 15:56:22.575000
INFO:root:Completed Step: MATCHCompleted at : 2017-11-06 15:56:22.857000
INFO:root:Starting Step: SCORE Started at : 2017-11-06 15:56:22.857000
INFO:root:Completed Step: SCORECompleted at : 2017-11-06 15:56:23.158000
INFO:root:Starting Step: GENERATE Started at : 2017-11-06 15:56:23.158000
INFO:root:Completed Step: GENERATECompleted at : 2017-11-06 15:56:25.267000
INFO:root:Starting Step: VALIDATION_REPORT Started at : 2017-11-06 15:56:25.267000
INFO:root:Completed Step: VALIDATION_REPORTCompleted at : 2017-11-06 15:56:27.399000
INFO:root:Starting Step: SEND_WARNING Started at : 2017-11-06 15:56:27.399000
INFO:root:Completed Step: SEND_WARNINGCompleted at : 2017-11-06 15:56:27.754000
INFO:root:Starting Step: CLIENT_EX_RPT Started at : 2017-11-06 15:56:27.754000
INFO:root:Completed Step: CLIENT_EX_RPTCompleted at : 2017-11-06 15:56:28.095000
INFO:root:Batch Processing for Batch:74
INFO:root:Getting Files Generated by MIS: FRTB_FX_0000000073_20171106094943_0.csv
INFO:root:Getting Files Generated by MIS: FRTB_FI_0000000073_20171106094943_0.csv
INFO:root:Getting Files Generated by MIS: FRTB_CM_0000000074_20171106102623_0.csv
INFO:root:Getting Files Generated by MIS: FRTB_FI_0000000074_20171106102624_0.csv
INFO:root:Getting Files Generated by MIS: FRTB_IR_0000000073_20171106094944_304.csv
INFO:root:Getting Files Generated by MIS: FRTB_IR_0000000074_20171106102625_340.csv
INFO:root:Getting Files Generated by MIS: FRTB_CR_0000000074_20171106102623_0.csv
INFO:root:Getting Files Generated by MIS: FRTB_FX_0000000074_20171106102624_0.csv
INFO:root:Getting Files Generated by MIS: FRTB_EQ_0000000074_20171106102624_0.csv
INFO:root:File Information Transfer process Complete
INFO:root:FRTB_Owner: Connnection Establised: 12.1.0.2.0
INFO:root:Starting Batch Creation Process
INFO:root:Creating Batch with Business start date from 06-11-2017 00:00:00to Business date06-11-2017 10:27:00
INFO:root:Query Executed
        DECLARE
        l_batch_no number;
        BEGIN
        l_batch_no := frtb_batch.create_batch(business_date_from_in => to_date('06-11-2017 00:00:00','DD-MM-YYYY HH24:MI:SS'),
                                             business_date_to_in   => to_date('06-11-2017 10:27:00','DD-MM-YYYY HH24:MI:SS'));
        : Batch_id := l_batch_no;
        END;
        
INFO:root: Batch Creation Complete, Batch ID created : 75
INFO:root:Starting Step: ID_FILES Started at : 2017-11-06 16:04:03.621000
INFO:root:Completed Step: ID_FILESCompleted at : 2017-11-06 16:04:04.001000
INFO:root:Starting Step: LOAD Started at : 2017-11-06 16:04:04.001000
INFO:root:Completed Step: LOADCompleted at : 2017-11-06 16:04:12.780000
INFO:root:Starting Step: ANONYMIZE Started at : 2017-11-06 16:04:12.780000
INFO:root:Completed Step: ANONYMIZECompleted at : 2017-11-06 16:04:18.470000
INFO:root:Starting Step: MAP Started at : 2017-11-06 16:04:18.470000
INFO:root:Completed Step: MAPCompleted at : 2017-11-06 16:04:23.101000
INFO:root:Starting Step: VALIDATE Started at : 2017-11-06 16:04:23.101000
INFO:root:Completed Step: VALIDATECompleted at : 2017-11-06 16:04:29.503000
INFO:root:Starting Step: ENRICH Started at : 2017-11-06 16:04:29.503000
INFO:root:Completed Step: ENRICHCompleted at : 2017-11-06 16:04:34.937000
INFO:root:Starting Step: MATCH Started at : 2017-11-06 16:04:34.937000
INFO:root:Completed Step: MATCHCompleted at : 2017-11-06 16:04:35.257000
INFO:root:Starting Step: SCORE Started at : 2017-11-06 16:04:35.257000
INFO:root:Completed Step: SCORECompleted at : 2017-11-06 16:04:35.557000
INFO:root:Starting Step: GENERATE Started at : 2017-11-06 16:04:35.557000
INFO:root:Completed Step: GENERATECompleted at : 2017-11-06 16:04:37.523000
INFO:root:Starting Step: VALIDATION_REPORT Started at : 2017-11-06 16:04:37.523000
INFO:root:Completed Step: VALIDATION_REPORTCompleted at : 2017-11-06 16:04:39.364000
INFO:root:Starting Step: SEND_WARNING Started at : 2017-11-06 16:04:39.364000
INFO:root:Completed Step: SEND_WARNINGCompleted at : 2017-11-06 16:04:39.728000
INFO:root:Starting Step: CLIENT_EX_RPT Started at : 2017-11-06 16:04:39.728000
INFO:root:Completed Step: CLIENT_EX_RPTCompleted at : 2017-11-06 16:04:40.148000
INFO:root:Batch Processing for Batch:75
INFO:root:Getting Files Generated by MIS: FRTB_IR_0000000075_20171106103437_389.csv
INFO:root:Getting Files Generated by MIS: FRTB_EQ_0000000075_20171106103436_0.csv
INFO:root:Getting Files Generated by MIS: FRTB_CM_0000000075_20171106103436_0.csv
INFO:root:Getting Files Generated by MIS: FRTB_FX_0000000075_20171106103437_0.csv
INFO:root:Getting Files Generated by MIS: FRTB_FI_0000000075_20171106103436_0.csv
INFO:root:Getting Files Generated by MIS: FRTB_CR_0000000075_20171106103436_0.csv
INFO:root:Getting Files Generated by MIS: FRTB_IR_0000000074_20171106102625_340.csv
INFO:root:File Information Transfer process Complete
INFO:root:FRTB_Owner: Connnection Establised: 12.1.0.2.0
INFO:root:Starting Batch Creation Process
INFO:root:Creating Batch with Business start date from 06-11-2017 00:00:00to Business date06-11-2017 10:37:00
INFO:root:Query Executed
        DECLARE
        l_batch_no number;
        BEGIN
        l_batch_no := frtb_batch.create_batch(business_date_from_in => to_date('06-11-2017 00:00:00','DD-MM-YYYY HH24:MI:SS'),
                                             business_date_to_in   => to_date('06-11-2017 10:37:00','DD-MM-YYYY HH24:MI:SS'));
        : Batch_id := l_batch_no;
        END;
        
INFO:root: Batch Creation Complete, Batch ID created : 76
INFO:root:Starting Step: ID_FILES Started at : 2017-11-06 16:07:45.158000
INFO:root:Completed Step: ID_FILESCompleted at : 2017-11-06 16:07:45.648000
INFO:root:Starting Step: LOAD Started at : 2017-11-06 16:07:45.648000
INFO:root:Completed Step: LOADCompleted at : 2017-11-06 16:07:54.818000
INFO:root:Starting Step: ANONYMIZE Started at : 2017-11-06 16:07:54.818000
INFO:root:Completed Step: ANONYMIZECompleted at : 2017-11-06 16:08:00.758000
INFO:root:Starting Step: MAP Started at : 2017-11-06 16:08:00.758000
INFO:root:Completed Step: MAPCompleted at : 2017-11-06 16:08:04.385000
INFO:root:Starting Step: VALIDATE Started at : 2017-11-06 16:08:04.385000
INFO:root:Completed Step: VALIDATECompleted at : 2017-11-06 16:08:10.250000
INFO:root:Starting Step: ENRICH Started at : 2017-11-06 16:08:10.250000
INFO:root:Completed Step: ENRICHCompleted at : 2017-11-06 16:08:16.293000
INFO:root:Starting Step: MATCH Started at : 2017-11-06 16:08:16.293000
INFO:root:Completed Step: MATCHCompleted at : 2017-11-06 16:08:16.687000
INFO:root:Starting Step: SCORE Started at : 2017-11-06 16:08:16.687000
INFO:root:Completed Step: SCORECompleted at : 2017-11-06 16:08:16.997000
INFO:root:Starting Step: GENERATE Started at : 2017-11-06 16:08:16.997000
INFO:root:Completed Step: GENERATECompleted at : 2017-11-06 16:08:18.734000
INFO:root:Starting Step: VALIDATION_REPORT Started at : 2017-11-06 16:08:18.734000
INFO:root:Completed Step: VALIDATION_REPORTCompleted at : 2017-11-06 16:08:21.316000
INFO:root:Starting Step: SEND_WARNING Started at : 2017-11-06 16:08:21.316000
INFO:root:Completed Step: SEND_WARNINGCompleted at : 2017-11-06 16:08:21.674000
INFO:root:Starting Step: CLIENT_EX_RPT Started at : 2017-11-06 16:08:21.674000
INFO:root:Completed Step: CLIENT_EX_RPTCompleted at : 2017-11-06 16:08:22.464000
INFO:root:Batch Processing for Batch:76
INFO:root:Getting Files Generated by MIS: FRTB_FX_0000000076_20171106103818_0.csv
INFO:root:Getting Files Generated by MIS: FRTB_FI_0000000076_20171106103818_0.csv
INFO:root:Getting Files Generated by MIS: FRTB_IR_0000000076_20171106103818_392.csv
INFO:root:Getting Files Generated by MIS: FRTB_CM_0000000076_20171106103817_0.csv
INFO:root:Getting Files Generated by MIS: FRTB_CR_0000000076_20171106103817_0.csv
INFO:root:Getting Files Generated by MIS: FRTB_EQ_0000000076_20171106103817_0.csv
INFO:root:File Information Transfer process Complete
INFO:root:FRTB_Owner: Connnection Establised: 12.1.0.2.0
INFO:root:Starting Batch Creation Process
INFO:root:Creating Batch with Business start date from 06-11-2017 00:00:00to Business date06-11-2017 11:33:00
INFO:root:Query Executed
        DECLARE
        l_batch_no number;
        BEGIN
        l_batch_no := frtb_batch.create_batch(business_date_from_in => to_date('06-11-2017 00:00:00','DD-MM-YYYY HH24:MI:SS'),
                                             business_date_to_in   => to_date('06-11-2017 11:33:00','DD-MM-YYYY HH24:MI:SS'));
        : Batch_id := l_batch_no;
        END;
        
INFO:root: Batch Creation Complete, Batch ID created : 77
INFO:root:Starting Step: ID_FILES Started at : 2017-11-06 17:03:10.484000
INFO:root:Completed Step: ID_FILESCompleted at : 2017-11-06 17:03:11.233000
INFO:root:Starting Step: LOAD Started at : 2017-11-06 17:03:11.233000
INFO:root:Completed Step: LOADCompleted at : 2017-11-06 17:03:25.997000
INFO:root:Starting Step: ANONYMIZE Started at : 2017-11-06 17:03:25.997000
INFO:root:Completed Step: ANONYMIZECompleted at : 2017-11-06 17:03:32.460000
INFO:root:Starting Step: MAP Started at : 2017-11-06 17:03:32.460000
INFO:root:Completed Step: MAPCompleted at : 2017-11-06 17:03:36.516000
INFO:root:Starting Step: VALIDATE Started at : 2017-11-06 17:03:36.516000
INFO:root:Completed Step: VALIDATECompleted at : 2017-11-06 17:03:43.024000
INFO:root:Starting Step: ENRICH Started at : 2017-11-06 17:03:43.024000
INFO:root:Completed Step: ENRICHCompleted at : 2017-11-06 17:03:48.914000
INFO:root:Starting Step: MATCH Started at : 2017-11-06 17:03:48.914000
INFO:root:Completed Step: MATCHCompleted at : 2017-11-06 17:03:49.338000
INFO:root:Starting Step: SCORE Started at : 2017-11-06 17:03:49.338000
INFO:root:Completed Step: SCORECompleted at : 2017-11-06 17:03:49.750000
INFO:root:Starting Step: GENERATE Started at : 2017-11-06 17:03:49.750000
INFO:root:Completed Step: GENERATECompleted at : 2017-11-06 17:03:51.647000
INFO:root:Starting Step: VALIDATION_REPORT Started at : 2017-11-06 17:03:51.647000
INFO:root:Completed Step: VALIDATION_REPORTCompleted at : 2017-11-06 17:03:53.654000
INFO:root:Starting Step: SEND_WARNING Started at : 2017-11-06 17:03:53.654000
INFO:root:Completed Step: SEND_WARNINGCompleted at : 2017-11-06 17:03:54.038000
INFO:root:Starting Step: CLIENT_EX_RPT Started at : 2017-11-06 17:03:54.038000
INFO:root:Completed Step: CLIENT_EX_RPTCompleted at : 2017-11-06 17:03:54.688000
INFO:root:Batch Processing for Batch:77
INFO:root:Getting Files Generated by MIS: FRTB_IR_0000000077_20171106113351_443.csv
INFO:root:Getting Files Generated by MIS: FRTB_CM_0000000077_20171106113350_0.csv
INFO:root:Getting Files Generated by MIS: FRTB_FI_0000000077_20171106113351_0.csv
INFO:root:Getting Files Generated by MIS: FRTB_EQ_0000000077_20171106113350_0.csv
INFO:root:Getting Files Generated by MIS: FRTB_CR_0000000077_20171106113350_0.csv
INFO:root:Getting Files Generated by MIS: FRTB_FX_0000000077_20171106113351_0.csv
INFO:root:File Information Transfer process Complete
