INFO:root:FRTB_Owner: Connnection Establised: 12.1.0.2.0
INFO:root:Starting Batch Creation Process
INFO:root:Creating Batch with Business start date from 22-11-2017 00:00:00to Business date22-11-2017 07:14:00
INFO:root:Query Executed
        DECLARE
        l_batch_no number;
        BEGIN
        l_batch_no := frtb_batch.create_batch(business_date_from_in => to_date('22-11-2017 00:00:00','DD-MM-YYYY HH24:MI:SS'),
                                             business_date_to_in   => to_date('22-11-2017 07:14:00','DD-MM-YYYY HH24:MI:SS'));
        : Batch_id := l_batch_no;
        END;
        
INFO:root: Batch Creation Complete, Batch ID created : 98
INFO:root:Starting Step: ID_FILES Started at : 2017-11-22 12:45:28.939000
INFO:root:Completed Step: ID_FILESCompleted at : 2017-11-22 12:45:29.317000
INFO:root:Starting Step: LOAD Started at : 2017-11-22 12:45:29.317000
INFO:root:Completed Step: LOADCompleted at : 2017-11-22 12:45:40.171000
INFO:root:Starting Step: ANONYMIZE Started at : 2017-11-22 12:45:40.171000
INFO:root:Completed Step: ANONYMIZECompleted at : 2017-11-22 12:45:46.748000
INFO:root:Starting Step: MAP Started at : 2017-11-22 12:45:46.748000
INFO:root:Completed Step: MAPCompleted at : 2017-11-22 12:45:51.126000
INFO:root:Starting Step: VALIDATE Started at : 2017-11-22 12:45:51.126000
INFO:root:Completed Step: VALIDATECompleted at : 2017-11-22 12:47:16.417000
INFO:root:Starting Step: ENRICH Started at : 2017-11-22 12:47:16.417000
INFO:root:Completed Step: ENRICHCompleted at : 2017-11-22 12:47:29.848000
INFO:root:Starting Step: MATCH Started at : 2017-11-22 12:47:29.848000
INFO:root:Completed Step: MATCHCompleted at : 2017-11-22 12:47:30.212000
INFO:root:Starting Step: SCORE Started at : 2017-11-22 12:47:30.212000
INFO:root:Completed Step: SCORECompleted at : 2017-11-22 12:47:30.517000
INFO:root:Starting Step: GENERATE Started at : 2017-11-22 12:47:30.517000
INFO:root:Completed Step: GENERATECompleted at : 2017-11-22 12:47:32.315000
INFO:root:Starting Step: VALIDATION_REPORT Started at : 2017-11-22 12:47:32.316000
INFO:root:Completed Step: VALIDATION_REPORTCompleted at : 2017-11-22 12:48:21.599000
INFO:root:Starting Step: SEND_WARNING Started at : 2017-11-22 12:48:21.600000
INFO:root:Completed Step: SEND_WARNINGCompleted at : 2017-11-22 12:48:21.970000
INFO:root:Starting Step: CLIENT_EX_RPT Started at : 2017-11-22 12:48:21.970000
INFO:root:Completed Step: CLIENT_EX_RPTCompleted at : 2017-11-22 12:48:47.045000
INFO:root:Batch Processing for Batch:98
INFO:root:Getting Files Generated by MIS: FRTB_IR_0000000098_20171122071732_40.csv
INFO:root:Getting Files Generated by MIS: FRTB_EQ_0000000098_20171122071731_0.csv
INFO:root:Getting Files Generated by MIS: FRTB_CR_0000000098_20171122071731_0.csv
INFO:root:Getting Files Generated by MIS: FRTB_FX_0000000098_20171122071731_0.csv
INFO:root:Getting Files Generated by MIS: FRTB_CM_0000000098_20171122071730_0.csv
INFO:root:Getting Files Generated by MIS: FRTB_FI_0000000098_20171122071731_0.csv
INFO:root:File Information Transfer process Complete
