INFO:root:FRTB_Owner: Connnection Establised: 12.1.0.2.0
INFO:root:Starting Batch Creation Process
INFO:root:Creating Batch with Business start date from 20-11-2017 00:00:00to Business date20-11-2017 06:16:00
INFO:root:Query Executed
        DECLARE
        l_batch_no number;
        BEGIN
        l_batch_no := frtb_batch.create_batch(business_date_from_in => to_date('20-11-2017 00:00:00','DD-MM-YYYY HH24:MI:SS'),
                                             business_date_to_in   => to_date('20-11-2017 06:16:00','DD-MM-YYYY HH24:MI:SS'));
        : Batch_id := l_batch_no;
        END;
        
INFO:root: Batch Creation Complete, Batch ID created : 94
INFO:root:Starting Step: ID_FILES Started at : 2017-11-20 11:48:21.294000
INFO:root:Completed Step: ID_FILESCompleted at : 2017-11-20 11:48:21.937000
INFO:root:Starting Step: LOAD Started at : 2017-11-20 11:48:21.937000
INFO:root:Completed Step: LOADCompleted at : 2017-11-20 11:48:33.194000
INFO:root:Starting Step: ANONYMIZE Started at : 2017-11-20 11:48:33.194000
INFO:root:Completed Step: ANONYMIZECompleted at : 2017-11-20 11:48:38.545000
INFO:root:Starting Step: MAP Started at : 2017-11-20 11:48:38.545000
INFO:root:Completed Step: MAPCompleted at : 2017-11-20 11:48:42.115000
INFO:root:Starting Step: VALIDATE Started at : 2017-11-20 11:48:42.115000
INFO:root:Completed Step: VALIDATECompleted at : 2017-11-20 11:48:47.349000
INFO:root:Starting Step: ENRICH Started at : 2017-11-20 11:48:47.349000
INFO:root:Completed Step: ENRICHCompleted at : 2017-11-20 11:48:53.027000
INFO:root:Starting Step: MATCH Started at : 2017-11-20 11:48:53.027000
INFO:root:Completed Step: MATCHCompleted at : 2017-11-20 11:48:53.400000
INFO:root:Starting Step: SCORE Started at : 2017-11-20 11:48:53.400000
INFO:root:Completed Step: SCORECompleted at : 2017-11-20 11:48:53.707000
INFO:root:Starting Step: GENERATE Started at : 2017-11-20 11:48:53.707000
INFO:root:Completed Step: GENERATECompleted at : 2017-11-20 11:48:55.756000
INFO:root:Starting Step: VALIDATION_REPORT Started at : 2017-11-20 11:48:55.756000
INFO:root:Completed Step: VALIDATION_REPORTCompleted at : 2017-11-20 11:48:57.477000
INFO:root:Starting Step: SEND_WARNING Started at : 2017-11-20 11:48:57.477000
INFO:root:Completed Step: SEND_WARNINGCompleted at : 2017-11-20 11:48:57.857000
INFO:root:Starting Step: CLIENT_EX_RPT Started at : 2017-11-20 11:48:57.857000
INFO:root:Completed Step: CLIENT_EX_RPTCompleted at : 2017-11-20 11:48:58.497000
INFO:root:Batch Processing for Batch:94
INFO:root:Getting Files Generated by MIS: FRTB_IR_0000000094_20171120061855_0.csv
INFO:root:Getting Files Generated by MIS: FRTB_FX_0000000094_20171120061855_25.csv
INFO:root:Getting Files Generated by MIS: FRTB_CR_0000000094_20171120061854_0.csv
INFO:root:Getting Files Generated by MIS: FRTB_FI_0000000094_20171120061854_0.csv
INFO:root:Getting Files Generated by MIS: FRTB_EQ_0000000094_20171120061854_0.csv
INFO:root:Getting Files Generated by MIS: FRTB_CM_0000000094_20171120061853_0.csv
INFO:root:File Information Transfer process Complete
