INFO:root:FRTB_Owner: Connnection Establised: 12.1.0.2.0
INFO:root:Starting Batch Creation Process
INFO:root:Creating Batch with Business start date from 17-11-2017 00:00:00to Business date17-11-2017 06:00:59
INFO:root:Query Executed
        DECLARE
        l_batch_no number;
        BEGIN
        l_batch_no := frtb_batch.create_batch(business_date_from_in => to_date('17-11-2017 00:00:00','DD-MM-YYYY HH24:MI:SS'),
                                             business_date_to_in   => to_date('17-11-2017 06:00:59','DD-MM-YYYY HH24:MI:SS'));
        : Batch_id := l_batch_no;
        END;
        
INFO:root: Batch Creation Complete, Batch ID created : 88
INFO:root:Starting Step: ID_FILES Started at : 2017-11-17 12:27:59.449000
INFO:root:Completed Step: ID_FILESCompleted at : 2017-11-17 12:28:00.082000
INFO:root:Starting Step: LOAD Started at : 2017-11-17 12:28:00.082000
INFO:root:Completed Step: LOADCompleted at : 2017-11-17 12:28:11.639000
INFO:root:Starting Step: ANONYMIZE Started at : 2017-11-17 12:28:11.640000
INFO:root:Completed Step: ANONYMIZECompleted at : 2017-11-17 12:28:17.030000
INFO:root:Starting Step: MAP Started at : 2017-11-17 12:28:17.030000
INFO:root:Completed Step: MAPCompleted at : 2017-11-17 12:28:20.790000
INFO:root:Starting Step: VALIDATE Started at : 2017-11-17 12:28:20.790000
INFO:root:Completed Step: VALIDATECompleted at : 2017-11-17 12:28:25.989000
INFO:root:Starting Step: ENRICH Started at : 2017-11-17 12:28:25.989000
INFO:root:Completed Step: ENRICHCompleted at : 2017-11-17 12:28:31.400000
INFO:root:Starting Step: MATCH Started at : 2017-11-17 12:28:31.400000
INFO:root:Completed Step: MATCHCompleted at : 2017-11-17 12:28:31.701000
INFO:root:Starting Step: SCORE Started at : 2017-11-17 12:28:31.701000
INFO:root:Completed Step: SCORECompleted at : 2017-11-17 12:28:31.976000
INFO:root:Starting Step: GENERATE Started at : 2017-11-17 12:28:31.976000
INFO:root:Completed Step: GENERATECompleted at : 2017-11-17 12:28:33.603000
INFO:root:Starting Step: VALIDATION_REPORT Started at : 2017-11-17 12:28:33.603000
INFO:root:Completed Step: VALIDATION_REPORTCompleted at : 2017-11-17 12:28:35.345000
INFO:root:Starting Step: SEND_WARNING Started at : 2017-11-17 12:28:35.346000
INFO:root:Completed Step: SEND_WARNINGCompleted at : 2017-11-17 12:28:35.703000
INFO:root:Starting Step: CLIENT_EX_RPT Started at : 2017-11-17 12:28:35.704000
INFO:root:Completed Step: CLIENT_EX_RPTCompleted at : 2017-11-17 12:28:36.082000
INFO:root:Batch Processing for Batch:88
INFO:root:Getting Files Generated by MIS: FRTB_IR_0000000088_20171117065833_32.csv
INFO:root:Getting Files Generated by MIS: FRTB_FX_0000000088_20171117065833_0.csv
INFO:root:Getting Files Generated by MIS: FRTB_CR_0000000088_20171117065832_0.csv
INFO:root:Getting Files Generated by MIS: FRTB_CM_0000000088_20171117065832_0.csv
INFO:root:Getting Files Generated by MIS: FRTB_FI_0000000088_20171117065832_0.csv
INFO:root:Getting Files Generated by MIS: FRTB_EQ_0000000088_20171117065832_0.csv
INFO:root:File Information Transfer process Complete
INFO:root:FRTB_Owner: Connnection Establised: 12.1.0.2.0
INFO:root:Starting Batch Creation Process
INFO:root:Creating Batch with Business start date from 17-11-2017 00:00:00to Business date17-11-2017 07:20:00
INFO:root:Query Executed
        DECLARE
        l_batch_no number;
        BEGIN
        l_batch_no := frtb_batch.create_batch(business_date_from_in => to_date('17-11-2017 00:00:00','DD-MM-YYYY HH24:MI:SS'),
                                             business_date_to_in   => to_date('17-11-2017 07:20:00','DD-MM-YYYY HH24:MI:SS'));
        : Batch_id := l_batch_no;
        END;
        
INFO:root: Batch Creation Complete, Batch ID created : 89
INFO:root:Starting Step: ID_FILES Started at : 2017-11-17 12:51:52.435000
INFO:root:Completed Step: ID_FILESCompleted at : 2017-11-17 12:51:52.784000
INFO:root:Starting Step: LOAD Started at : 2017-11-17 12:51:52.784000
INFO:root:Completed Step: LOADCompleted at : 2017-11-17 12:52:01.376000
INFO:root:Starting Step: ANONYMIZE Started at : 2017-11-17 12:52:01.376000
INFO:root:Completed Step: ANONYMIZECompleted at : 2017-11-17 12:52:07.062000
INFO:root:Starting Step: MAP Started at : 2017-11-17 12:52:07.062000
INFO:root:Completed Step: MAPCompleted at : 2017-11-17 12:52:10.819000
INFO:root:Starting Step: VALIDATE Started at : 2017-11-17 12:52:10.819000
INFO:root:Completed Step: VALIDATECompleted at : 2017-11-17 12:53:31.920000
INFO:root:Starting Step: ENRICH Started at : 2017-11-17 12:53:31.920000
INFO:root:Completed Step: ENRICHCompleted at : 2017-11-17 12:53:38.308000
INFO:root:Starting Step: MATCH Started at : 2017-11-17 12:53:38.308000
INFO:root:Completed Step: MATCHCompleted at : 2017-11-17 12:53:38.558000
INFO:root:Starting Step: SCORE Started at : 2017-11-17 12:53:38.558000
INFO:root:Completed Step: SCORECompleted at : 2017-11-17 12:53:38.838000
INFO:root:Starting Step: GENERATE Started at : 2017-11-17 12:53:38.838000
INFO:root:Completed Step: GENERATECompleted at : 2017-11-17 12:53:40.240000
INFO:root:Starting Step: VALIDATION_REPORT Started at : 2017-11-17 12:53:40.240000
INFO:root:Completed Step: VALIDATION_REPORTCompleted at : 2017-11-17 12:54:27.901000
INFO:root:Starting Step: SEND_WARNING Started at : 2017-11-17 12:54:27.901000
INFO:root:Completed Step: SEND_WARNINGCompleted at : 2017-11-17 12:54:28.301000
INFO:root:Starting Step: CLIENT_EX_RPT Started at : 2017-11-17 12:54:28.301000
INFO:root:Completed Step: CLIENT_EX_RPTCompleted at : 2017-11-17 12:54:52.898000
INFO:root:Batch Processing for Batch:89
INFO:root:Getting Files Generated by MIS: FRTB_EQ_0000000089_20171117072339_0.csv
INFO:root:Getting Files Generated by MIS: FRTB_FX_0000000089_20171117072339_31.csv
INFO:root:Getting Files Generated by MIS: FRTB_IR_0000000089_20171117072339_33.csv
INFO:root:Getting Files Generated by MIS: FRTB_FI_0000000089_20171117072339_0.csv
INFO:root:Getting Files Generated by MIS: FRTB_CR_0000000089_20171117072339_0.csv
INFO:root:Getting Files Generated by MIS: FRTB_CM_0000000089_20171117072339_0.csv
INFO:root:File Information Transfer process Complete
INFO:root:FRTB_Owner: Connnection Establised: 12.1.0.2.0
INFO:root:Starting Batch Creation Process
INFO:root:Creating Batch with Business start date from 17-11-2017 00:00:00to Business date17-11-2017 07:49:00
INFO:root:Query Executed
        DECLARE
        l_batch_no number;
        BEGIN
        l_batch_no := frtb_batch.create_batch(business_date_from_in => to_date('17-11-2017 00:00:00','DD-MM-YYYY HH24:MI:SS'),
                                             business_date_to_in   => to_date('17-11-2017 07:49:00','DD-MM-YYYY HH24:MI:SS'));
        : Batch_id := l_batch_no;
        END;
        
INFO:root: Batch Creation Complete, Batch ID created : 90
INFO:root:Starting Step: ID_FILES Started at : 2017-11-17 13:19:13.498000
INFO:root:Completed Step: ID_FILESCompleted at : 2017-11-17 13:19:14.116000
INFO:root:Starting Step: LOAD Started at : 2017-11-17 13:19:14.116000
INFO:root:Completed Step: LOADCompleted at : 2017-11-17 13:19:24.781000
INFO:root:Starting Step: ANONYMIZE Started at : 2017-11-17 13:19:24.781000
INFO:root:Completed Step: ANONYMIZECompleted at : 2017-11-17 13:19:30.925000
INFO:root:Starting Step: MAP Started at : 2017-11-17 13:19:30.925000
INFO:root:Completed Step: MAPCompleted at : 2017-11-17 13:19:35.574000
INFO:root:Starting Step: VALIDATE Started at : 2017-11-17 13:19:35.574000
INFO:root:Completed Step: VALIDATECompleted at : 2017-11-17 13:20:41.677000
INFO:root:Starting Step: ENRICH Started at : 2017-11-17 13:20:41.677000
INFO:root:Completed Step: ENRICHCompleted at : 2017-11-17 13:20:47.105000
INFO:root:Starting Step: MATCH Started at : 2017-11-17 13:20:47.105000
INFO:root:Completed Step: MATCHCompleted at : 2017-11-17 13:20:47.357000
INFO:root:Starting Step: SCORE Started at : 2017-11-17 13:20:47.357000
INFO:root:Completed Step: SCORECompleted at : 2017-11-17 13:20:47.615000
INFO:root:Starting Step: GENERATE Started at : 2017-11-17 13:20:47.615000
INFO:root:Completed Step: GENERATECompleted at : 2017-11-17 13:20:48.893000
INFO:root:Starting Step: VALIDATION_REPORT Started at : 2017-11-17 13:20:48.893000
INFO:root:Completed Step: VALIDATION_REPORTCompleted at : 2017-11-17 13:21:46.013000
INFO:root:Starting Step: SEND_WARNING Started at : 2017-11-17 13:21:46.013000
INFO:root:Completed Step: SEND_WARNINGCompleted at : 2017-11-17 13:21:46.364000
INFO:root:Starting Step: CLIENT_EX_RPT Started at : 2017-11-17 13:21:46.364000
INFO:root:Completed Step: CLIENT_EX_RPTCompleted at : 2017-11-17 13:22:15.870000
INFO:root:Batch Processing for Batch:90
INFO:root:Getting Files Generated by MIS: FRTB_EQ_0000000090_20171117075048_0.csv
INFO:root:Getting Files Generated by MIS: FRTB_FX_0000000090_20171117075048_0.csv
INFO:root:Getting Files Generated by MIS: FRTB_CM_0000000090_20171117075047_0.csv
INFO:root:Getting Files Generated by MIS: FRTB_FI_0000000090_20171117075048_0.csv
INFO:root:Getting Files Generated by MIS: FRTB_CR_0000000090_20171117075048_0.csv
INFO:root:Getting Files Generated by MIS: FRTB_IR_0000000090_20171117075048_44.csv
INFO:root:File Information Transfer process Complete
INFO:root:FRTB_Owner: Connnection Establised: 12.1.0.2.0
INFO:root:Starting Batch Creation Process
INFO:root:Creating Batch with Business start date from 17-11-2017 00:00:00to Business date17-11-2017 08:03:00
INFO:root:Query Executed
        DECLARE
        l_batch_no number;
        BEGIN
        l_batch_no := frtb_batch.create_batch(business_date_from_in => to_date('17-11-2017 00:00:00','DD-MM-YYYY HH24:MI:SS'),
                                             business_date_to_in   => to_date('17-11-2017 08:03:00','DD-MM-YYYY HH24:MI:SS'));
        : Batch_id := l_batch_no;
        END;
        
INFO:root: Batch Creation Complete, Batch ID created : 91
INFO:root:Starting Step: ID_FILES Started at : 2017-11-17 13:34:10.281000
INFO:root:Completed Step: ID_FILESCompleted at : 2017-11-17 13:34:10.875000
INFO:root:Starting Step: LOAD Started at : 2017-11-17 13:34:10.875000
INFO:root:Completed Step: LOADCompleted at : 2017-11-17 13:34:20.799000
INFO:root:Starting Step: ANONYMIZE Started at : 2017-11-17 13:34:20.799000
INFO:root:Completed Step: ANONYMIZECompleted at : 2017-11-17 13:34:27.411000
INFO:root:Starting Step: MAP Started at : 2017-11-17 13:34:27.412000
INFO:root:Completed Step: MAPCompleted at : 2017-11-17 13:34:31.361000
INFO:root:Starting Step: VALIDATE Started at : 2017-11-17 13:34:31.362000
INFO:root:Completed Step: VALIDATECompleted at : 2017-11-17 13:35:38.118000
INFO:root:Starting Step: ENRICH Started at : 2017-11-17 13:35:38.118000
INFO:root:Completed Step: ENRICHCompleted at : 2017-11-17 13:35:44.513000
INFO:root:Starting Step: MATCH Started at : 2017-11-17 13:35:44.513000
INFO:root:Completed Step: MATCHCompleted at : 2017-11-17 13:35:44.789000
INFO:root:Starting Step: SCORE Started at : 2017-11-17 13:35:44.789000
INFO:root:Completed Step: SCORECompleted at : 2017-11-17 13:35:45.101000
INFO:root:Starting Step: GENERATE Started at : 2017-11-17 13:35:45.101000
INFO:root:Completed Step: GENERATECompleted at : 2017-11-17 13:35:48.197000
INFO:root:Starting Step: VALIDATION_REPORT Started at : 2017-11-17 13:35:48.197000
INFO:root:Completed Step: VALIDATION_REPORTCompleted at : 2017-11-17 13:35:52.795000
INFO:root:Starting Step: SEND_WARNING Started at : 2017-11-17 13:35:52.795000
INFO:root:Completed Step: SEND_WARNINGCompleted at : 2017-11-17 13:35:53.152000
INFO:root:Starting Step: CLIENT_EX_RPT Started at : 2017-11-17 13:35:53.152000
INFO:root:Completed Step: CLIENT_EX_RPTCompleted at : 2017-11-17 13:35:55.200000
INFO:root:Batch Processing for Batch:91
INFO:root:Getting Files Generated by MIS: FRTB_FX_0000000091_20171117080546_22877.csv
INFO:root:Getting Files Generated by MIS: FRTB_EQ_0000000091_20171117080545_0.csv
INFO:root:Getting Files Generated by MIS: FRTB_IR_0000000091_20171117080547_44.csv
INFO:root:Getting Files Generated by MIS: FRTB_FI_0000000091_20171117080546_0.csv
INFO:root:Getting Files Generated by MIS: FRTB_CR_0000000091_20171117080545_0.csv
INFO:root:Getting Files Generated by MIS: FRTB_CM_0000000091_20171117080545_0.csv
INFO:root:File Information Transfer process Complete
